#
# There is insufficient memory for the Java Runtime Environment to continue.
# Native memory allocation (mmap) failed to map 1170210816 bytes for G1 virtual space
# Possible reasons:
#   The system is out of physical RAM or swap space
#   The process is running with CompressedOops enabled, and the Java Heap may be blocking the growth of the native heap
# Possible solutions:
#   Reduce memory load on the system
#   Increase physical memory or swap space
#   Check if swap backing store is full
#   Decrease Java heap size (-Xmx/-Xms)
#   Decrease number of Java threads
#   Decrease Java thread stack sizes (-Xss)
#   Set larger code cache with -XX:ReservedCodeCacheSize=
#   JVM is running with Zero Based Compressed Oops mode in which the Java heap is
#     placed in the first 32GB address space. The Java Heap base address is the
#     maximum limit for the native heap growth. Please use -XX:HeapBaseMinAddress
#     to set the Java Heap base and to place the Java Heap above 32GB virtual address.
# This output file may be truncated or incomplete.
#
#  Out of Memory Error (os_windows.cpp:3527), pid=3564, tid=15084
#
# JRE version: Java(TM) SE Runtime Environment (19.0+36) (build 19+36-2238)
# Java VM: Java HotSpot(TM) 64-Bit Server VM (19+36-2238, mixed mode, sharing, tiered, compressed oops, compressed class ptrs, g1 gc, windows-amd64)
# No core dump will be written. Minidumps are not enabled by default on client versions of Windows
#

---------------  S U M M A R Y ------------

Command Line: -Dfile.encoding=UTF-8 --module-path=C:\Users\Balance Frequency\eclipse-workspace\game1\bin -XX:+ShowCodeDetailsInExceptionMessages -Djdk.module.main=game1 game1/game1.class1

Host: AMD Ryzen 5 3400G with Radeon Vega Graphics    , 8 cores, 13G,  Windows 10 , 64 bit Build 19041 (10.0.19041.1202)
Time: Sat Oct 22 16:25:06 2022 India Standard Time elapsed time: 1.080159 seconds (0d 0h 0m 1s)

---------------  T H R E A D  ---------------

Current thread (0x0000016ed91d3a10):  VMThread "VM Thread" [stack: 0x00000026c9400000,0x00000026c9500000] [id=15084]

Stack: [0x00000026c9400000,0x00000026c9500000]
Native frames: (J=compiled Java code, j=interpreted, Vv=VM code, C=native code)
V  [jvm.dll+0x6ee8fa]
V  [jvm.dll+0x857a1e]
V  [jvm.dll+0x85940e]
V  [jvm.dll+0x859ac3]
V  [jvm.dll+0x28291f]
V  [jvm.dll+0x6eb6e9]
V  [jvm.dll+0x6e028a]
V  [jvm.dll+0x357136]
V  [jvm.dll+0x35eb96]
V  [jvm.dll+0x3b555e]
V  [jvm.dll+0x3b578f]
V  [jvm.dll+0x32c6ea]
V  [jvm.dll+0x32c797]
V  [jvm.dll+0x374b52]
V  [jvm.dll+0x37328f]
V  [jvm.dll+0x32bf10]
V  [jvm.dll+0x372b4d]
V  [jvm.dll+0x85ef83]
V  [jvm.dll+0x85fd49]
V  [jvm.dll+0x86027d]
V  [jvm.dll+0x86070b]
V  [jvm.dll+0x8607c7]
V  [jvm.dll+0x8015fa]
V  [jvm.dll+0x6ed5eb]
C  [ucrtbase.dll+0x21bb2]
C  [KERNEL32.DLL+0x17034]
C  [ntdll.dll+0x52651]

VM_Operation (0x00000026ca4fe1d8): G1TryInitiateConcMark, mode: safepoint, requested by thread 0x0000016edd4a6ab0


---------------  P R O C E S S  ---------------

Threads class SMR info:
_java_thread_list=0x0000016edd7dd9d0, length=17, elements={
0x0000016ed91ed290, 0x0000016ed91ee9c0, 0x0000016ed91f2be0, 0x0000016ed91f6a30,
0x0000016ed91f7e40, 0x0000016ed91fdad0, 0x0000016ed9206cb0, 0x0000016ed92073d0,
0x0000016ed9212960, 0x0000016edd4a4030, 0x0000016edd4a5ac0, 0x0000016edd4a3ae0,
0x0000016edd4a5020, 0x0000016edd4a4580, 0x0000016edd4a6ab0, 0x0000016edd4a6010,
0x0000016edd4a3590
}

Java Threads: ( => current thread )
  0x0000016ed91ed290 JavaThread "Reference Handler" daemon [_thread_blocked, id=3808, stack(0x00000026c9500000,0x00000026c9600000)]
  0x0000016ed91ee9c0 JavaThread "Finalizer" daemon [_thread_blocked, id=13180, stack(0x00000026c9600000,0x00000026c9700000)]
  0x0000016ed91f2be0 JavaThread "Signal Dispatcher" daemon [_thread_blocked, id=13284, stack(0x00000026c9700000,0x00000026c9800000)]
  0x0000016ed91f6a30 JavaThread "Attach Listener" daemon [_thread_blocked, id=13916, stack(0x00000026c9800000,0x00000026c9900000)]
  0x0000016ed91f7e40 JavaThread "Service Thread" daemon [_thread_blocked, id=15788, stack(0x00000026c9900000,0x00000026c9a00000)]
  0x0000016ed91fdad0 JavaThread "Monitor Deflation Thread" daemon [_thread_blocked, id=12740, stack(0x00000026c9a00000,0x00000026c9b00000)]
  0x0000016ed9206cb0 JavaThread "C2 CompilerThread0" daemon [_thread_blocked, id=5792, stack(0x00000026c9b00000,0x00000026c9c00000)]
  0x0000016ed92073d0 JavaThread "C1 CompilerThread0" daemon [_thread_blocked, id=11340, stack(0x00000026c9c00000,0x00000026c9d00000)]
  0x0000016ed9212960 JavaThread "Sweeper thread" daemon [_thread_blocked, id=14368, stack(0x00000026c9d00000,0x00000026c9e00000)]
  0x0000016edd4a4030 JavaThread "Common-Cleaner" daemon [_thread_blocked, id=15000, stack(0x00000026c9e00000,0x00000026c9f00000)]
  0x0000016edd4a5ac0 JavaThread "Notification Thread" daemon [_thread_blocked, id=11696, stack(0x00000026c9f00000,0x00000026ca000000)]
  0x0000016edd4a3ae0 JavaThread "Java2D Disposer" daemon [_thread_blocked, id=13656, stack(0x00000026ca100000,0x00000026ca200000)]
  0x0000016edd4a5020 JavaThread "AWT-Shutdown" [_thread_blocked, id=12164, stack(0x00000026ca200000,0x00000026ca300000)]
  0x0000016edd4a4580 JavaThread "AWT-Windows" daemon [_thread_in_native, id=8796, stack(0x00000026ca300000,0x00000026ca400000)]
  0x0000016edd4a6ab0 JavaThread "AWT-EventQueue-0" [_thread_blocked, id=2940, stack(0x00000026ca400000,0x00000026ca500000)]
  0x0000016edd4a6010 JavaThread "Image Fetcher 0" daemon [_thread_blocked, id=13652, stack(0x00000026ca500000,0x00000026ca600000)]
  0x0000016edd4a3590 JavaThread "DestroyJavaVM" [_thread_blocked, id=13164, stack(0x00000026c8e00000,0x00000026c8f00000)]

Other Threads:
=>0x0000016ed91d3a10 VMThread "VM Thread" [stack: 0x00000026c9400000,0x00000026c9500000] [id=15084]
  0x0000016edd51ee40 WatcherThread "VM Periodic Task Thread" [stack: 0x00000026ca000000,0x00000026ca100000] [id=8428]
  0x0000016eb710d910 WorkerThread "GC Thread#0" [stack: 0x00000026c8f00000,0x00000026c9000000] [id=9336]
  0x0000016edd7d52c0 WorkerThread "GC Thread#1" [stack: 0x00000026ca600000,0x00000026ca700000] [id=14288]
  0x0000016edd46e160 WorkerThread "GC Thread#2" [stack: 0x00000026ca700000,0x00000026ca800000] [id=1812]
  0x0000016edd46e430 WorkerThread "GC Thread#3" [stack: 0x00000026ca800000,0x00000026ca900000] [id=12248]
  0x0000016edd4c2f60 WorkerThread "GC Thread#4" [stack: 0x00000026ca900000,0x00000026caa00000] [id=8316]
  0x0000016edd7f6d10 WorkerThread "GC Thread#5" [stack: 0x00000026caa00000,0x00000026cab00000] [id=13024]
  0x0000016edef68ec0 WorkerThread "GC Thread#6" [stack: 0x00000026cab00000,0x00000026cac00000] [id=10868]
  0x0000016edef69190 WorkerThread "GC Thread#7" [stack: 0x00000026cac00000,0x00000026cad00000] [id=2864]
  0x0000016eb711e100 ConcurrentGCThread "G1 Main Marker" [stack: 0x00000026c9000000,0x00000026c9100000] [id=14580]
  0x0000016eb711eb30 WorkerThread "G1 Conc#0" [stack: 0x00000026c9100000,0x00000026c9200000] [id=4524]
  0x0000016eb717e1d0 ConcurrentGCThread "G1 Refine#0" [stack: 0x00000026c9200000,0x00000026c9300000] [id=7492]
  0x0000016ed90924c0 ConcurrentGCThread "G1 Service" [stack: 0x00000026c9300000,0x00000026c9400000] [id=15256]

Threads with active compile tasks:
C1 CompilerThread0     1106  948       3       sun.java2d.pipe.DrawImage::blitSurfaceData (258 bytes)

VM state: at safepoint (normal execution)

VM Mutex/Monitor currently owned by a thread:  ([mutex/lock_event])
[0x0000016eb70a0740] Threads_lock - owner thread: 0x0000016ed91d3a10
[0x0000016eb709f930] Heap_lock - owner thread: 0x0000016edd4a6ab0

Heap address: 0x0000000720c00000, size: 3572 MB, Compressed Oops mode: Zero based, Oop shift amount: 3

CDS archive(s) mapped at: [0x0000000800000000-0x0000000800c40000-0x0000000800c40000), size 12845056, SharedBaseAddress: 0x0000000800000000, ArchiveRelocationMode: 0.
Compressed class space mapped at: 0x0000000801000000-0x0000000841000000, reserved size: 1073741824
Narrow klass base: 0x0000000800000000, Narrow klass shift: 0, Narrow klass range: 0x100000000

GC Precious Log:
 CardTable entry size: 512
 Card Set container configuration: InlinePtr #cards 4 size 8 Array Of Cards #cards 8 size 32 Howl #buckets 8 coarsen threshold 3686 Howl Bitmap #cards 512 size 80 coarsen threshold 460 Card regions per heap region 1 cards per card region 4096
 CPUs: 8 total, 8 available
 Memory: 14284M
 Large Page Support: Disabled
 NUMA Support: Disabled
 Compressed Oops: Enabled (Zero based)
 Heap Region Size: 2M
 Heap Min Capacity: 8M
 Heap Initial Capacity: 224M
 Heap Max Capacity: 3572M
 Pre-touch: Disabled
 Parallel Workers: 8
 Concurrent Workers: 2
 Concurrent Refinement Workers: 8
 Periodic GC: Disabled

Heap:
 garbage-first heap   total 571392K, used 255757K [0x0000000720c00000, 0x0000000800000000)
  region size 2048K, 1 young (2048K), 1 survivors (2048K)
 Metaspace       used 6721K, committed 6976K, reserved 1114112K
  class space    used 711K, committed 832K, reserved 1048576K

Heap Regions: E=young(eden), S=young(survivor), O=old, HS=humongous(starts), HC=humongous(continues), CS=collection set, F=free, OA=open archive, CA=closed archive, TAMS=top-at-mark-start (previous, next)
|   0|0x0000000720c00000, 0x0000000720e00000, 0x0000000720e00000|100%|HS|  |TAMS 0x0000000720c00000, 0x0000000720e00000| Complete 
|   1|0x0000000720e00000, 0x0000000721000000, 0x0000000721000000|100%|HC|  |TAMS 0x0000000720e00000, 0x0000000721000000| Complete 
|   2|0x0000000721000000, 0x0000000721200000, 0x0000000721200000|100%|HS|  |TAMS 0x0000000721000000, 0x0000000721200000| Complete 
|   3|0x0000000721200000, 0x0000000721400000, 0x0000000721400000|100%|HC|  |TAMS 0x0000000721200000, 0x0000000721400000| Complete 
|   4|0x0000000721400000, 0x0000000721600000, 0x0000000721600000|100%|HS|  |TAMS 0x0000000721400000, 0x0000000721600000| Complete 
|   5|0x0000000721600000, 0x0000000721800000, 0x0000000721800000|100%|HC|  |TAMS 0x0000000721600000, 0x0000000721800000| Complete 
|   6|0x0000000721800000, 0x0000000721a00000, 0x0000000721a00000|100%|HS|  |TAMS 0x0000000721800000, 0x0000000721a00000| Complete 
|   7|0x0000000721a00000, 0x0000000721c00000, 0x0000000721c00000|100%|HC|  |TAMS 0x0000000721a00000, 0x0000000721c00000| Complete 
|   8|0x0000000721c00000, 0x0000000721e00000, 0x0000000721e00000|100%|HS|  |TAMS 0x0000000721c00000, 0x0000000721e00000| Complete 
|   9|0x0000000721e00000, 0x0000000722000000, 0x0000000722000000|100%|HC|  |TAMS 0x0000000721e00000, 0x0000000722000000| Complete 
|  10|0x0000000722000000, 0x0000000722200000, 0x0000000722200000|100%|HS|  |TAMS 0x0000000722000000, 0x0000000722200000| Complete 
|  11|0x0000000722200000, 0x0000000722400000, 0x0000000722400000|100%|HC|  |TAMS 0x0000000722200000, 0x0000000722400000| Complete 
|  12|0x0000000722400000, 0x0000000722600000, 0x0000000722600000|100%|HS|  |TAMS 0x0000000722400000, 0x0000000722600000| Complete 
|  13|0x0000000722600000, 0x0000000722800000, 0x0000000722800000|100%|HC|  |TAMS 0x0000000722600000, 0x0000000722800000| Complete 
|  14|0x0000000722800000, 0x0000000722a00000, 0x0000000722a00000|100%|HS|  |TAMS 0x0000000722800000, 0x0000000722a00000| Complete 
|  15|0x0000000722a00000, 0x0000000722c00000, 0x0000000722c00000|100%|HC|  |TAMS 0x0000000722a00000, 0x0000000722c00000| Complete 
|  16|0x0000000722c00000, 0x0000000722e00000, 0x0000000722e00000|100%|HS|  |TAMS 0x0000000722c00000, 0x0000000722e00000| Complete 
|  17|0x0000000722e00000, 0x0000000723000000, 0x0000000723000000|100%|HC|  |TAMS 0x0000000722e00000, 0x0000000723000000| Complete 
|  18|0x0000000723000000, 0x0000000723200000, 0x0000000723200000|100%|HS|  |TAMS 0x0000000723000000, 0x0000000723200000| Complete 
|  19|0x0000000723200000, 0x0000000723400000, 0x0000000723400000|100%|HC|  |TAMS 0x0000000723200000, 0x0000000723400000| Complete 
|  20|0x0000000723400000, 0x0000000723600000, 0x0000000723600000|100%|HS|  |TAMS 0x0000000723400000, 0x0000000723600000| Complete 
|  21|0x0000000723600000, 0x0000000723800000, 0x0000000723800000|100%|HC|  |TAMS 0x0000000723600000, 0x0000000723800000| Complete 
|  22|0x0000000723800000, 0x0000000723a00000, 0x0000000723a00000|100%|HS|  |TAMS 0x0000000723800000, 0x0000000723a00000| Complete 
|  23|0x0000000723a00000, 0x0000000723c00000, 0x0000000723c00000|100%|HC|  |TAMS 0x0000000723a00000, 0x0000000723c00000| Complete 
|  24|0x0000000723c00000, 0x0000000723e00000, 0x0000000723e00000|100%|HS|  |TAMS 0x0000000723c00000, 0x0000000723e00000| Complete 
|  25|0x0000000723e00000, 0x0000000724000000, 0x0000000724000000|100%|HC|  |TAMS 0x0000000723e00000, 0x0000000724000000| Complete 
|  26|0x0000000724000000, 0x0000000724200000, 0x0000000724200000|100%|HS|  |TAMS 0x0000000724000000, 0x0000000724200000| Complete 
|  27|0x0000000724200000, 0x0000000724400000, 0x0000000724400000|100%|HC|  |TAMS 0x0000000724200000, 0x0000000724400000| Complete 
|  28|0x0000000724400000, 0x0000000724600000, 0x0000000724600000|100%|HS|  |TAMS 0x0000000724400000, 0x0000000724600000| Complete 
|  29|0x0000000724600000, 0x0000000724800000, 0x0000000724800000|100%|HC|  |TAMS 0x0000000724600000, 0x0000000724800000| Complete 
|  30|0x0000000724800000, 0x0000000724a00000, 0x0000000724a00000|100%|HS|  |TAMS 0x0000000724800000, 0x0000000724a00000| Complete 
|  31|0x0000000724a00000, 0x0000000724c00000, 0x0000000724c00000|100%|HC|  |TAMS 0x0000000724a00000, 0x0000000724c00000| Complete 
|  32|0x0000000724c00000, 0x0000000724e00000, 0x0000000724e00000|100%|HS|  |TAMS 0x0000000724c00000, 0x0000000724e00000| Complete 
|  33|0x0000000724e00000, 0x0000000725000000, 0x0000000725000000|100%|HC|  |TAMS 0x0000000724e00000, 0x0000000725000000| Complete 
|  34|0x0000000725000000, 0x0000000725200000, 0x0000000725200000|100%|HS|  |TAMS 0x0000000725000000, 0x0000000725200000| Complete 
|  35|0x0000000725200000, 0x0000000725400000, 0x0000000725400000|100%|HC|  |TAMS 0x0000000725200000, 0x0000000725400000| Complete 
|  36|0x0000000725400000, 0x0000000725600000, 0x0000000725600000|100%|HS|  |TAMS 0x0000000725400000, 0x0000000725600000| Complete 
|  37|0x0000000725600000, 0x0000000725800000, 0x0000000725800000|100%|HC|  |TAMS 0x0000000725600000, 0x0000000725800000| Complete 
|  38|0x0000000725800000, 0x0000000725a00000, 0x0000000725a00000|100%|HS|  |TAMS 0x0000000725800000, 0x0000000725a00000| Complete 
|  39|0x0000000725a00000, 0x0000000725c00000, 0x0000000725c00000|100%|HC|  |TAMS 0x0000000725a00000, 0x0000000725c00000| Complete 
|  40|0x0000000725c00000, 0x0000000725e00000, 0x0000000725e00000|100%|HS|  |TAMS 0x0000000725c00000, 0x0000000725e00000| Complete 
|  41|0x0000000725e00000, 0x0000000726000000, 0x0000000726000000|100%|HC|  |TAMS 0x0000000725e00000, 0x0000000726000000| Complete 
|  42|0x0000000726000000, 0x0000000726200000, 0x0000000726200000|100%|HS|  |TAMS 0x0000000726000000, 0x0000000726200000| Complete 
|  43|0x0000000726200000, 0x0000000726400000, 0x0000000726400000|100%|HC|  |TAMS 0x0000000726200000, 0x0000000726400000| Complete 
|  44|0x0000000726400000, 0x0000000726600000, 0x0000000726600000|100%|HS|  |TAMS 0x0000000726400000, 0x0000000726600000| Complete 
|  45|0x0000000726600000, 0x0000000726800000, 0x0000000726800000|100%|HC|  |TAMS 0x0000000726600000, 0x0000000726800000| Complete 
|  46|0x0000000726800000, 0x0000000726a00000, 0x0000000726a00000|100%|HS|  |TAMS 0x0000000726800000, 0x0000000726a00000| Complete 
|  47|0x0000000726a00000, 0x0000000726c00000, 0x0000000726c00000|100%|HC|  |TAMS 0x0000000726a00000, 0x0000000726c00000| Complete 
|  48|0x0000000726c00000, 0x0000000726e00000, 0x0000000726e00000|100%|HS|  |TAMS 0x0000000726c00000, 0x0000000726e00000| Complete 
|  49|0x0000000726e00000, 0x0000000727000000, 0x0000000727000000|100%|HC|  |TAMS 0x0000000726e00000, 0x0000000727000000| Complete 
|  50|0x0000000727000000, 0x0000000727200000, 0x0000000727200000|100%|HS|  |TAMS 0x0000000727000000, 0x0000000727200000| Complete 
|  51|0x0000000727200000, 0x0000000727400000, 0x0000000727400000|100%|HC|  |TAMS 0x0000000727200000, 0x0000000727400000| Complete 
|  52|0x0000000727400000, 0x0000000727600000, 0x0000000727600000|100%|HS|  |TAMS 0x0000000727400000, 0x0000000727600000| Complete 
|  53|0x0000000727600000, 0x0000000727800000, 0x0000000727800000|100%|HC|  |TAMS 0x0000000727600000, 0x0000000727800000| Complete 
|  54|0x0000000727800000, 0x0000000727a00000, 0x0000000727a00000|100%|HS|  |TAMS 0x0000000727800000, 0x0000000727a00000| Complete 
|  55|0x0000000727a00000, 0x0000000727c00000, 0x0000000727c00000|100%|HC|  |TAMS 0x0000000727a00000, 0x0000000727c00000| Complete 
|  56|0x0000000727c00000, 0x0000000727e00000, 0x0000000727e00000|100%|HS|  |TAMS 0x0000000727c00000, 0x0000000727e00000| Complete 
|  57|0x0000000727e00000, 0x0000000728000000, 0x0000000728000000|100%|HC|  |TAMS 0x0000000727e00000, 0x0000000728000000| Complete 
|  58|0x0000000728000000, 0x0000000728200000, 0x0000000728200000|100%|HS|  |TAMS 0x0000000728000000, 0x0000000728200000| Complete 
|  59|0x0000000728200000, 0x0000000728400000, 0x0000000728400000|100%|HC|  |TAMS 0x0000000728200000, 0x0000000728400000| Complete 
|  60|0x0000000728400000, 0x0000000728600000, 0x0000000728600000|100%|HS|  |TAMS 0x0000000728400000, 0x0000000728600000| Complete 
|  61|0x0000000728600000, 0x0000000728800000, 0x0000000728800000|100%|HC|  |TAMS 0x0000000728600000, 0x0000000728800000| Complete 
|  62|0x0000000728800000, 0x0000000728a00000, 0x0000000728a00000|100%|HS|  |TAMS 0x0000000728800000, 0x0000000728a00000| Complete 
|  63|0x0000000728a00000, 0x0000000728c00000, 0x0000000728c00000|100%|HC|  |TAMS 0x0000000728a00000, 0x0000000728c00000| Complete 
|  64|0x0000000728c00000, 0x0000000728e00000, 0x0000000728e00000|100%|HS|  |TAMS 0x0000000728c00000, 0x0000000728e00000| Complete 
|  65|0x0000000728e00000, 0x0000000729000000, 0x0000000729000000|100%|HC|  |TAMS 0x0000000728e00000, 0x0000000729000000| Complete 
|  66|0x0000000729000000, 0x0000000729200000, 0x0000000729200000|100%|HS|  |TAMS 0x0000000729000000, 0x0000000729200000| Complete 
|  67|0x0000000729200000, 0x0000000729400000, 0x0000000729400000|100%|HC|  |TAMS 0x0000000729200000, 0x0000000729400000| Complete 
|  68|0x0000000729400000, 0x0000000729600000, 0x0000000729600000|100%|HS|  |TAMS 0x0000000729400000, 0x0000000729600000| Complete 
|  69|0x0000000729600000, 0x0000000729800000, 0x0000000729800000|100%|HC|  |TAMS 0x0000000729600000, 0x0000000729800000| Complete 
|  70|0x0000000729800000, 0x0000000729a00000, 0x0000000729a00000|100%|HS|  |TAMS 0x0000000729800000, 0x0000000729a00000| Complete 
|  71|0x0000000729a00000, 0x0000000729c00000, 0x0000000729c00000|100%|HC|  |TAMS 0x0000000729a00000, 0x0000000729c00000| Complete 
|  72|0x0000000729c00000, 0x0000000729e00000, 0x0000000729e00000|100%|HS|  |TAMS 0x0000000729c00000, 0x0000000729e00000| Complete 
|  73|0x0000000729e00000, 0x000000072a000000, 0x000000072a000000|100%|HC|  |TAMS 0x0000000729e00000, 0x000000072a000000| Complete 
|  74|0x000000072a000000, 0x000000072a200000, 0x000000072a200000|100%|HS|  |TAMS 0x000000072a000000, 0x000000072a200000| Complete 
|  75|0x000000072a200000, 0x000000072a400000, 0x000000072a400000|100%|HC|  |TAMS 0x000000072a200000, 0x000000072a400000| Complete 
|  76|0x000000072a400000, 0x000000072a600000, 0x000000072a600000|100%|HS|  |TAMS 0x000000072a400000, 0x000000072a600000| Complete 
|  77|0x000000072a600000, 0x000000072a800000, 0x000000072a800000|100%|HC|  |TAMS 0x000000072a600000, 0x000000072a800000| Complete 
|  78|0x000000072a800000, 0x000000072aa00000, 0x000000072aa00000|100%|HS|  |TAMS 0x000000072a800000, 0x000000072aa00000| Complete 
|  79|0x000000072aa00000, 0x000000072ac00000, 0x000000072ac00000|100%|HC|  |TAMS 0x000000072aa00000, 0x000000072ac00000| Complete 
|  80|0x000000072ac00000, 0x000000072ae00000, 0x000000072ae00000|100%|HS|  |TAMS 0x000000072ac00000, 0x000000072ae00000| Complete 
|  81|0x000000072ae00000, 0x000000072b000000, 0x000000072b000000|100%|HC|  |TAMS 0x000000072ae00000, 0x000000072b000000| Complete 
|  82|0x000000072b000000, 0x000000072b200000, 0x000000072b200000|100%|HS|  |TAMS 0x000000072b000000, 0x000000072b200000| Complete 
|  83|0x000000072b200000, 0x000000072b400000, 0x000000072b400000|100%|HC|  |TAMS 0x000000072b200000, 0x000000072b400000| Complete 
|  84|0x000000072b400000, 0x000000072b600000, 0x000000072b600000|100%|HS|  |TAMS 0x000000072b400000, 0x000000072b600000| Complete 
|  85|0x000000072b600000, 0x000000072b800000, 0x000000072b800000|100%|HC|  |TAMS 0x000000072b600000, 0x000000072b800000| Complete 
|  86|0x000000072b800000, 0x000000072ba00000, 0x000000072ba00000|100%|HS|  |TAMS 0x000000072b800000, 0x000000072ba00000| Complete 
|  87|0x000000072ba00000, 0x000000072bc00000, 0x000000072bc00000|100%|HC|  |TAMS 0x000000072ba00000, 0x000000072bc00000| Complete 
|  88|0x000000072bc00000, 0x000000072be00000, 0x000000072be00000|100%|HS|  |TAMS 0x000000072bc00000, 0x000000072be00000| Complete 
|  89|0x000000072be00000, 0x000000072c000000, 0x000000072c000000|100%|HC|  |TAMS 0x000000072be00000, 0x000000072c000000| Complete 
|  90|0x000000072c000000, 0x000000072c200000, 0x000000072c200000|100%|HS|  |TAMS 0x000000072c000000, 0x000000072c200000| Complete 
|  91|0x000000072c200000, 0x000000072c400000, 0x000000072c400000|100%|HC|  |TAMS 0x000000072c200000, 0x000000072c400000| Complete 
|  92|0x000000072c400000, 0x000000072c600000, 0x000000072c600000|100%|HS|  |TAMS 0x000000072c400000, 0x000000072c600000| Complete 
|  93|0x000000072c600000, 0x000000072c800000, 0x000000072c800000|100%|HC|  |TAMS 0x000000072c600000, 0x000000072c800000| Complete 
|  94|0x000000072c800000, 0x000000072ca00000, 0x000000072ca00000|100%|HS|  |TAMS 0x000000072c800000, 0x000000072ca00000| Complete 
|  95|0x000000072ca00000, 0x000000072cc00000, 0x000000072cc00000|100%|HC|  |TAMS 0x000000072ca00000, 0x000000072cc00000| Complete 
|  96|0x000000072cc00000, 0x000000072ce00000, 0x000000072ce00000|100%|HS|  |TAMS 0x000000072cc00000, 0x000000072ce00000| Complete 
|  97|0x000000072ce00000, 0x000000072d000000, 0x000000072d000000|100%|HC|  |TAMS 0x000000072ce00000, 0x000000072d000000| Complete 
|  98|0x000000072d000000, 0x000000072d200000, 0x000000072d200000|100%|HS|  |TAMS 0x000000072d000000, 0x000000072d200000| Complete 
|  99|0x000000072d200000, 0x000000072d400000, 0x000000072d400000|100%|HC|  |TAMS 0x000000072d200000, 0x000000072d400000| Complete 
| 100|0x000000072d400000, 0x000000072d600000, 0x000000072d600000|100%|HS|  |TAMS 0x000000072d400000, 0x000000072d600000| Complete 
| 101|0x000000072d600000, 0x000000072d800000, 0x000000072d800000|100%|HC|  |TAMS 0x000000072d600000, 0x000000072d800000| Complete 
| 102|0x000000072d800000, 0x000000072da00000, 0x000000072da00000|100%|HS|  |TAMS 0x000000072d800000, 0x000000072da00000| Complete 
| 103|0x000000072da00000, 0x000000072dc00000, 0x000000072dc00000|100%|HC|  |TAMS 0x000000072da00000, 0x000000072dc00000| Complete 
| 104|0x000000072dc00000, 0x000000072de00000, 0x000000072de00000|100%|HS|  |TAMS 0x000000072dc00000, 0x000000072de00000| Complete 
| 105|0x000000072de00000, 0x000000072e000000, 0x000000072e000000|100%|HC|  |TAMS 0x000000072de00000, 0x000000072e000000| Complete 
| 106|0x000000072e000000, 0x000000072e200000, 0x000000072e200000|100%|HS|  |TAMS 0x000000072e000000, 0x000000072e200000| Complete 
| 107|0x000000072e200000, 0x000000072e400000, 0x000000072e400000|100%|HC|  |TAMS 0x000000072e200000, 0x000000072e400000| Complete 
| 108|0x000000072e400000, 0x000000072e600000, 0x000000072e600000|100%|HS|  |TAMS 0x000000072e400000, 0x000000072e600000| Complete 
| 109|0x000000072e600000, 0x000000072e800000, 0x000000072e800000|100%|HC|  |TAMS 0x000000072e600000, 0x000000072e800000| Complete 
| 110|0x000000072e800000, 0x000000072ea00000, 0x000000072ea00000|100%|HS|  |TAMS 0x000000072e800000, 0x000000072ea00000| Complete 
| 111|0x000000072ea00000, 0x000000072ec00000, 0x000000072ec00000|100%|HC|  |TAMS 0x000000072ea00000, 0x000000072ec00000| Complete 
| 112|0x000000072ec00000, 0x000000072ee00000, 0x000000072ee00000|100%|HS|  |TAMS 0x000000072ec00000, 0x000000072ee00000| Complete 
| 113|0x000000072ee00000, 0x000000072f000000, 0x000000072f000000|100%|HC|  |TAMS 0x000000072ee00000, 0x000000072f000000| Complete 
| 114|0x000000072f000000, 0x000000072f200000, 0x000000072f200000|100%|HS|  |TAMS 0x000000072f000000, 0x000000072f200000| Complete 
| 115|0x000000072f200000, 0x000000072f400000, 0x000000072f400000|100%|HC|  |TAMS 0x000000072f200000, 0x000000072f400000| Complete 
| 116|0x000000072f400000, 0x000000072f600000, 0x000000072f600000|100%|HS|  |TAMS 0x000000072f400000, 0x000000072f600000| Complete 
| 117|0x000000072f600000, 0x000000072f800000, 0x000000072f800000|100%|HC|  |TAMS 0x000000072f600000, 0x000000072f800000| Complete 
| 118|0x000000072f800000, 0x000000072fa00000, 0x000000072fa00000|100%|HS|  |TAMS 0x000000072f800000, 0x000000072fa00000| Complete 
| 119|0x000000072fa00000, 0x000000072fc00000, 0x000000072fc00000|100%|HC|  |TAMS 0x000000072fa00000, 0x000000072fc00000| Complete 
| 120|0x000000072fc00000, 0x000000072fc00000, 0x000000072fe00000|  0%| F|  |TAMS 0x000000072fc00000, 0x000000072fc00000| Untracked 
| 121|0x000000072fe00000, 0x000000072fe00000, 0x0000000730000000|  0%| F|  |TAMS 0x000000072fe00000, 0x000000072fe00000| Untracked 
| 122|0x0000000730000000, 0x0000000730200000, 0x0000000730200000|100%|HS|  |TAMS 0x0000000730000000, 0x0000000730200000| Complete 
| 123|0x0000000730200000, 0x0000000730400000, 0x0000000730400000|100%|HC|  |TAMS 0x0000000730200000, 0x0000000730400000| Complete 
| 124|0x0000000730400000, 0x0000000730600000, 0x0000000730600000|100%|HS|  |TAMS 0x0000000730400000, 0x0000000730600000| Complete 
| 125|0x0000000730600000, 0x0000000730800000, 0x0000000730800000|100%|HC|  |TAMS 0x0000000730600000, 0x0000000730800000| Complete 
| 126|0x0000000730800000, 0x0000000730800000, 0x0000000730a00000|  0%| F|  |TAMS 0x0000000730800000, 0x0000000730800000| Untracked 
| 127|0x0000000730a00000, 0x0000000730a00000, 0x0000000730c00000|  0%| F|  |TAMS 0x0000000730a00000, 0x0000000730a00000| Untracked 
| 128|0x0000000730c00000, 0x0000000730c00000, 0x0000000730e00000|  0%| F|  |TAMS 0x0000000730c00000, 0x0000000730c00000| Untracked 
| 129|0x0000000730e00000, 0x0000000730e00000, 0x0000000731000000|  0%| F|  |TAMS 0x0000000730e00000, 0x0000000730e00000| Untracked 
| 130|0x0000000731000000, 0x0000000731000000, 0x0000000731200000|  0%| F|  |TAMS 0x0000000731000000, 0x0000000731000000| Untracked 
| 131|0x0000000731200000, 0x0000000731200000, 0x0000000731400000|  0%| F|  |TAMS 0x0000000731200000, 0x0000000731200000| Untracked 
| 132|0x0000000731400000, 0x0000000731400000, 0x0000000731600000|  0%| F|  |TAMS 0x0000000731400000, 0x0000000731400000| Untracked 
| 133|0x0000000731600000, 0x0000000731600000, 0x0000000731800000|  0%| F|  |TAMS 0x0000000731600000, 0x0000000731600000| Untracked 
| 134|0x0000000731800000, 0x0000000731800000, 0x0000000731a00000|  0%| F|  |TAMS 0x0000000731800000, 0x0000000731800000| Untracked 
| 135|0x0000000731a00000, 0x0000000731a00000, 0x0000000731c00000|  0%| F|  |TAMS 0x0000000731a00000, 0x0000000731a00000| Untracked 
| 136|0x0000000731c00000, 0x0000000731c00000, 0x0000000731e00000|  0%| F|  |TAMS 0x0000000731c00000, 0x0000000731c00000| Untracked 
| 137|0x0000000731e00000, 0x0000000731e00000, 0x0000000732000000|  0%| F|  |TAMS 0x0000000731e00000, 0x0000000731e00000| Untracked 
| 138|0x0000000732000000, 0x0000000732000000, 0x0000000732200000|  0%| F|  |TAMS 0x0000000732000000, 0x0000000732000000| Untracked 
| 139|0x0000000732200000, 0x0000000732200000, 0x0000000732400000|  0%| F|  |TAMS 0x0000000732200000, 0x0000000732200000| Untracked 
| 140|0x0000000732400000, 0x0000000732400000, 0x0000000732600000|  0%| F|  |TAMS 0x0000000732400000, 0x0000000732400000| Untracked 
| 141|0x0000000732600000, 0x0000000732600000, 0x0000000732800000|  0%| F|  |TAMS 0x0000000732600000, 0x0000000732600000| Untracked 
| 142|0x0000000732800000, 0x0000000732800000, 0x0000000732a00000|  0%| F|  |TAMS 0x0000000732800000, 0x0000000732800000| Untracked 
| 143|0x0000000732a00000, 0x0000000732a00000, 0x0000000732c00000|  0%| F|  |TAMS 0x0000000732a00000, 0x0000000732a00000| Untracked 
| 144|0x0000000732c00000, 0x0000000732c00000, 0x0000000732e00000|  0%| F|  |TAMS 0x0000000732c00000, 0x0000000732c00000| Untracked 
| 145|0x0000000732e00000, 0x0000000732e00000, 0x0000000733000000|  0%| F|  |TAMS 0x0000000732e00000, 0x0000000732e00000| Untracked 
| 146|0x0000000733000000, 0x0000000733000000, 0x0000000733200000|  0%| F|  |TAMS 0x0000000733000000, 0x0000000733000000| Untracked 
| 147|0x0000000733200000, 0x0000000733200000, 0x0000000733400000|  0%| F|  |TAMS 0x0000000733200000, 0x0000000733200000| Untracked 
| 148|0x0000000733400000, 0x0000000733400000, 0x0000000733600000|  0%| F|  |TAMS 0x0000000733400000, 0x0000000733400000| Untracked 
| 149|0x0000000733600000, 0x0000000733600000, 0x0000000733800000|  0%| F|  |TAMS 0x0000000733600000, 0x0000000733600000| Untracked 
| 150|0x0000000733800000, 0x0000000733800000, 0x0000000733a00000|  0%| F|  |TAMS 0x0000000733800000, 0x0000000733800000| Untracked 
| 151|0x0000000733a00000, 0x0000000733a00000, 0x0000000733c00000|  0%| F|  |TAMS 0x0000000733a00000, 0x0000000733a00000| Untracked 
| 152|0x0000000733c00000, 0x0000000733c00000, 0x0000000733e00000|  0%| F|  |TAMS 0x0000000733c00000, 0x0000000733c00000| Untracked 
| 153|0x0000000733e00000, 0x0000000733e00000, 0x0000000734000000|  0%| F|  |TAMS 0x0000000733e00000, 0x0000000733e00000| Untracked 
| 154|0x0000000734000000, 0x0000000734000000, 0x0000000734200000|  0%| F|  |TAMS 0x0000000734000000, 0x0000000734000000| Untracked 
| 155|0x0000000734200000, 0x0000000734200000, 0x0000000734400000|  0%| F|  |TAMS 0x0000000734200000, 0x0000000734200000| Untracked 
| 156|0x0000000734400000, 0x0000000734400000, 0x0000000734600000|  0%| F|  |TAMS 0x0000000734400000, 0x0000000734400000| Untracked 
| 157|0x0000000734600000, 0x0000000734600000, 0x0000000734800000|  0%| F|  |TAMS 0x0000000734600000, 0x0000000734600000| Untracked 
| 158|0x0000000734800000, 0x0000000734800000, 0x0000000734a00000|  0%| F|  |TAMS 0x0000000734800000, 0x0000000734800000| Untracked 
| 159|0x0000000734a00000, 0x0000000734a00000, 0x0000000734c00000|  0%| F|  |TAMS 0x0000000734a00000, 0x0000000734a00000| Untracked 
| 160|0x0000000734c00000, 0x0000000734c00000, 0x0000000734e00000|  0%| F|  |TAMS 0x0000000734c00000, 0x0000000734c00000| Untracked 
| 161|0x0000000734e00000, 0x0000000734e00000, 0x0000000735000000|  0%| F|  |TAMS 0x0000000734e00000, 0x0000000734e00000| Untracked 
| 162|0x0000000735000000, 0x0000000735000000, 0x0000000735200000|  0%| F|  |TAMS 0x0000000735000000, 0x0000000735000000| Untracked 
| 163|0x0000000735200000, 0x0000000735200000, 0x0000000735400000|  0%| F|  |TAMS 0x0000000735200000, 0x0000000735200000| Untracked 
| 164|0x0000000735400000, 0x0000000735400000, 0x0000000735600000|  0%| F|  |TAMS 0x0000000735400000, 0x0000000735400000| Untracked 
| 165|0x0000000735600000, 0x0000000735600000, 0x0000000735800000|  0%| F|  |TAMS 0x0000000735600000, 0x0000000735600000| Untracked 
| 166|0x0000000735800000, 0x0000000735800000, 0x0000000735a00000|  0%| F|  |TAMS 0x0000000735800000, 0x0000000735800000| Untracked 
| 167|0x0000000735a00000, 0x0000000735a00000, 0x0000000735c00000|  0%| F|  |TAMS 0x0000000735a00000, 0x0000000735a00000| Untracked 
| 168|0x0000000735c00000, 0x0000000735c00000, 0x0000000735e00000|  0%| F|  |TAMS 0x0000000735c00000, 0x0000000735c00000| Untracked 
| 169|0x0000000735e00000, 0x0000000735e00000, 0x0000000736000000|  0%| F|  |TAMS 0x0000000735e00000, 0x0000000735e00000| Untracked 
| 170|0x0000000736000000, 0x0000000736000000, 0x0000000736200000|  0%| F|  |TAMS 0x0000000736000000, 0x0000000736000000| Untracked 
| 171|0x0000000736200000, 0x0000000736200000, 0x0000000736400000|  0%| F|  |TAMS 0x0000000736200000, 0x0000000736200000| Untracked 
| 172|0x0000000736400000, 0x0000000736400000, 0x0000000736600000|  0%| F|  |TAMS 0x0000000736400000, 0x0000000736400000| Untracked 
| 173|0x0000000736600000, 0x0000000736600000, 0x0000000736800000|  0%| F|  |TAMS 0x0000000736600000, 0x0000000736600000| Untracked 
| 174|0x0000000736800000, 0x0000000736800000, 0x0000000736a00000|  0%| F|  |TAMS 0x0000000736800000, 0x0000000736800000| Untracked 
| 175|0x0000000736a00000, 0x0000000736a00000, 0x0000000736c00000|  0%| F|  |TAMS 0x0000000736a00000, 0x0000000736a00000| Untracked 
| 176|0x0000000736c00000, 0x0000000736c00000, 0x0000000736e00000|  0%| F|  |TAMS 0x0000000736c00000, 0x0000000736c00000| Untracked 
| 177|0x0000000736e00000, 0x0000000736e00000, 0x0000000737000000|  0%| F|  |TAMS 0x0000000736e00000, 0x0000000736e00000| Untracked 
| 178|0x0000000737000000, 0x0000000737000000, 0x0000000737200000|  0%| F|  |TAMS 0x0000000737000000, 0x0000000737000000| Untracked 
| 179|0x0000000737200000, 0x0000000737200000, 0x0000000737400000|  0%| F|  |TAMS 0x0000000737200000, 0x0000000737200000| Untracked 
| 180|0x0000000737400000, 0x0000000737400000, 0x0000000737600000|  0%| F|  |TAMS 0x0000000737400000, 0x0000000737400000| Untracked 
| 181|0x0000000737600000, 0x0000000737600000, 0x0000000737800000|  0%| F|  |TAMS 0x0000000737600000, 0x0000000737600000| Untracked 
| 182|0x0000000737800000, 0x0000000737800000, 0x0000000737a00000|  0%| F|  |TAMS 0x0000000737800000, 0x0000000737800000| Untracked 
| 183|0x0000000737a00000, 0x0000000737a00000, 0x0000000737c00000|  0%| F|  |TAMS 0x0000000737a00000, 0x0000000737a00000| Untracked 
| 184|0x0000000737c00000, 0x0000000737c00000, 0x0000000737e00000|  0%| F|  |TAMS 0x0000000737c00000, 0x0000000737c00000| Untracked 
| 185|0x0000000737e00000, 0x0000000737e00000, 0x0000000738000000|  0%| F|  |TAMS 0x0000000737e00000, 0x0000000737e00000| Untracked 
| 186|0x0000000738000000, 0x0000000738000000, 0x0000000738200000|  0%| F|  |TAMS 0x0000000738000000, 0x0000000738000000| Untracked 
| 187|0x0000000738200000, 0x0000000738200000, 0x0000000738400000|  0%| F|  |TAMS 0x0000000738200000, 0x0000000738200000| Untracked 
| 188|0x0000000738400000, 0x0000000738400000, 0x0000000738600000|  0%| F|  |TAMS 0x0000000738400000, 0x0000000738400000| Untracked 
| 189|0x0000000738600000, 0x0000000738600000, 0x0000000738800000|  0%| F|  |TAMS 0x0000000738600000, 0x0000000738600000| Untracked 
| 190|0x0000000738800000, 0x0000000738800000, 0x0000000738a00000|  0%| F|  |TAMS 0x0000000738800000, 0x0000000738800000| Untracked 
| 191|0x0000000738a00000, 0x0000000738a00000, 0x0000000738c00000|  0%| F|  |TAMS 0x0000000738a00000, 0x0000000738a00000| Untracked 
| 192|0x0000000738c00000, 0x0000000738c00000, 0x0000000738e00000|  0%| F|  |TAMS 0x0000000738c00000, 0x0000000738c00000| Untracked 
| 193|0x0000000738e00000, 0x0000000738e00000, 0x0000000739000000|  0%| F|  |TAMS 0x0000000738e00000, 0x0000000738e00000| Untracked 
| 194|0x0000000739000000, 0x0000000739000000, 0x0000000739200000|  0%| F|  |TAMS 0x0000000739000000, 0x0000000739000000| Untracked 
| 195|0x0000000739200000, 0x0000000739200000, 0x0000000739400000|  0%| F|  |TAMS 0x0000000739200000, 0x0000000739200000| Untracked 
| 196|0x0000000739400000, 0x0000000739400000, 0x0000000739600000|  0%| F|  |TAMS 0x0000000739400000, 0x0000000739400000| Untracked 
| 197|0x0000000739600000, 0x0000000739600000, 0x0000000739800000|  0%| F|  |TAMS 0x0000000739600000, 0x0000000739600000| Untracked 
| 198|0x0000000739800000, 0x0000000739800000, 0x0000000739a00000|  0%| F|  |TAMS 0x0000000739800000, 0x0000000739800000| Untracked 
| 199|0x0000000739a00000, 0x0000000739a00000, 0x0000000739c00000|  0%| F|  |TAMS 0x0000000739a00000, 0x0000000739a00000| Untracked 
| 200|0x0000000739c00000, 0x0000000739c00000, 0x0000000739e00000|  0%| F|  |TAMS 0x0000000739c00000, 0x0000000739c00000| Untracked 
| 201|0x0000000739e00000, 0x0000000739e00000, 0x000000073a000000|  0%| F|  |TAMS 0x0000000739e00000, 0x0000000739e00000| Untracked 
| 202|0x000000073a000000, 0x000000073a000000, 0x000000073a200000|  0%| F|  |TAMS 0x000000073a000000, 0x000000073a000000| Untracked 
| 203|0x000000073a200000, 0x000000073a200000, 0x000000073a400000|  0%| F|  |TAMS 0x000000073a200000, 0x000000073a200000| Untracked 
| 204|0x000000073a400000, 0x000000073a400000, 0x000000073a600000|  0%| F|  |TAMS 0x000000073a400000, 0x000000073a400000| Untracked 
| 205|0x000000073a600000, 0x000000073a600000, 0x000000073a800000|  0%| F|  |TAMS 0x000000073a600000, 0x000000073a600000| Untracked 
| 206|0x000000073a800000, 0x000000073a800000, 0x000000073aa00000|  0%| F|  |TAMS 0x000000073a800000, 0x000000073a800000| Untracked 
| 207|0x000000073aa00000, 0x000000073aa00000, 0x000000073ac00000|  0%| F|  |TAMS 0x000000073aa00000, 0x000000073aa00000| Untracked 
| 208|0x000000073ac00000, 0x000000073ac00000, 0x000000073ae00000|  0%| F|  |TAMS 0x000000073ac00000, 0x000000073ac00000| Untracked 
| 209|0x000000073ae00000, 0x000000073ae00000, 0x000000073b000000|  0%| F|  |TAMS 0x000000073ae00000, 0x000000073ae00000| Untracked 
| 210|0x000000073b000000, 0x000000073b000000, 0x000000073b200000|  0%| F|  |TAMS 0x000000073b000000, 0x000000073b000000| Untracked 
| 211|0x000000073b200000, 0x000000073b200000, 0x000000073b400000|  0%| F|  |TAMS 0x000000073b200000, 0x000000073b200000| Untracked 
| 212|0x000000073b400000, 0x000000073b400000, 0x000000073b600000|  0%| F|  |TAMS 0x000000073b400000, 0x000000073b400000| Untracked 
| 213|0x000000073b600000, 0x000000073b600000, 0x000000073b800000|  0%| F|  |TAMS 0x000000073b600000, 0x000000073b600000| Untracked 
| 214|0x000000073b800000, 0x000000073b800000, 0x000000073ba00000|  0%| F|  |TAMS 0x000000073b800000, 0x000000073b800000| Untracked 
| 215|0x000000073ba00000, 0x000000073ba00000, 0x000000073bc00000|  0%| F|  |TAMS 0x000000073ba00000, 0x000000073ba00000| Untracked 
| 216|0x000000073bc00000, 0x000000073bc00000, 0x000000073be00000|  0%| F|  |TAMS 0x000000073bc00000, 0x000000073bc00000| Untracked 
| 217|0x000000073be00000, 0x000000073be00000, 0x000000073c000000|  0%| F|  |TAMS 0x000000073be00000, 0x000000073be00000| Untracked 
| 218|0x000000073c000000, 0x000000073c000000, 0x000000073c200000|  0%| F|  |TAMS 0x000000073c000000, 0x000000073c000000| Untracked 
| 219|0x000000073c200000, 0x000000073c200000, 0x000000073c400000|  0%| F|  |TAMS 0x000000073c200000, 0x000000073c200000| Untracked 
| 220|0x000000073c400000, 0x000000073c400000, 0x000000073c600000|  0%| F|  |TAMS 0x000000073c400000, 0x000000073c400000| Untracked 
| 221|0x000000073c600000, 0x000000073c600000, 0x000000073c800000|  0%| F|  |TAMS 0x000000073c600000, 0x000000073c600000| Untracked 
| 222|0x000000073c800000, 0x000000073c800000, 0x000000073ca00000|  0%| F|  |TAMS 0x000000073c800000, 0x000000073c800000| Untracked 
| 223|0x000000073ca00000, 0x000000073ca00000, 0x000000073cc00000|  0%| F|  |TAMS 0x000000073ca00000, 0x000000073ca00000| Untracked 
| 224|0x000000073cc00000, 0x000000073cc00000, 0x000000073ce00000|  0%| F|  |TAMS 0x000000073cc00000, 0x000000073cc00000| Untracked 
| 225|0x000000073ce00000, 0x000000073ce00000, 0x000000073d000000|  0%| F|  |TAMS 0x000000073ce00000, 0x000000073ce00000| Untracked 
| 226|0x000000073d000000, 0x000000073d000000, 0x000000073d200000|  0%| F|  |TAMS 0x000000073d000000, 0x000000073d000000| Untracked 
| 227|0x000000073d200000, 0x000000073d200000, 0x000000073d400000|  0%| F|  |TAMS 0x000000073d200000, 0x000000073d200000| Untracked 
| 228|0x000000073d400000, 0x000000073d400000, 0x000000073d600000|  0%| F|  |TAMS 0x000000073d400000, 0x000000073d400000| Untracked 
| 229|0x000000073d600000, 0x000000073d600000, 0x000000073d800000|  0%| F|  |TAMS 0x000000073d600000, 0x000000073d600000| Untracked 
| 230|0x000000073d800000, 0x000000073d800000, 0x000000073da00000|  0%| F|  |TAMS 0x000000073d800000, 0x000000073d800000| Untracked 
| 231|0x000000073da00000, 0x000000073da00000, 0x000000073dc00000|  0%| F|  |TAMS 0x000000073da00000, 0x000000073da00000| Untracked 
| 232|0x000000073dc00000, 0x000000073dc00000, 0x000000073de00000|  0%| F|  |TAMS 0x000000073dc00000, 0x000000073dc00000| Untracked 
| 233|0x000000073de00000, 0x000000073de00000, 0x000000073e000000|  0%| F|  |TAMS 0x000000073de00000, 0x000000073de00000| Untracked 
| 234|0x000000073e000000, 0x000000073e000000, 0x000000073e200000|  0%| F|  |TAMS 0x000000073e000000, 0x000000073e000000| Untracked 
| 235|0x000000073e200000, 0x000000073e200000, 0x000000073e400000|  0%| F|  |TAMS 0x000000073e200000, 0x000000073e200000| Untracked 
| 236|0x000000073e400000, 0x000000073e400000, 0x000000073e600000|  0%| F|  |TAMS 0x000000073e400000, 0x000000073e400000| Untracked 
| 237|0x000000073e600000, 0x000000073e600000, 0x000000073e800000|  0%| F|  |TAMS 0x000000073e600000, 0x000000073e600000| Untracked 
| 238|0x000000073e800000, 0x000000073e800000, 0x000000073ea00000|  0%| F|  |TAMS 0x000000073e800000, 0x000000073e800000| Untracked 
| 239|0x000000073ea00000, 0x000000073ea00000, 0x000000073ec00000|  0%| F|  |TAMS 0x000000073ea00000, 0x000000073ea00000| Untracked 
| 240|0x000000073ec00000, 0x000000073ec00000, 0x000000073ee00000|  0%| F|  |TAMS 0x000000073ec00000, 0x000000073ec00000| Untracked 
| 241|0x000000073ee00000, 0x000000073ee00000, 0x000000073f000000|  0%| F|  |TAMS 0x000000073ee00000, 0x000000073ee00000| Untracked 
| 242|0x000000073f000000, 0x000000073f000000, 0x000000073f200000|  0%| F|  |TAMS 0x000000073f000000, 0x000000073f000000| Untracked 
| 243|0x000000073f200000, 0x000000073f200000, 0x000000073f400000|  0%| F|  |TAMS 0x000000073f200000, 0x000000073f200000| Untracked 
| 244|0x000000073f400000, 0x000000073f400000, 0x000000073f600000|  0%| F|  |TAMS 0x000000073f400000, 0x000000073f400000| Untracked 
| 245|0x000000073f600000, 0x000000073f600000, 0x000000073f800000|  0%| F|  |TAMS 0x000000073f600000, 0x000000073f600000| Untracked 
| 246|0x000000073f800000, 0x000000073f800000, 0x000000073fa00000|  0%| F|  |TAMS 0x000000073f800000, 0x000000073f800000| Untracked 
| 247|0x000000073fa00000, 0x000000073fa00000, 0x000000073fc00000|  0%| F|  |TAMS 0x000000073fa00000, 0x000000073fa00000| Untracked 
| 248|0x000000073fc00000, 0x000000073fc00000, 0x000000073fe00000|  0%| F|  |TAMS 0x000000073fc00000, 0x000000073fc00000| Untracked 
| 249|0x000000073fe00000, 0x000000073fe00000, 0x0000000740000000|  0%| F|  |TAMS 0x000000073fe00000, 0x000000073fe00000| Untracked 
| 250|0x0000000740000000, 0x0000000740000000, 0x0000000740200000|  0%| F|  |TAMS 0x0000000740000000, 0x0000000740000000| Untracked 
| 251|0x0000000740200000, 0x0000000740200000, 0x0000000740400000|  0%| F|  |TAMS 0x0000000740200000, 0x0000000740200000| Untracked 
| 252|0x0000000740400000, 0x0000000740400000, 0x0000000740600000|  0%| F|  |TAMS 0x0000000740400000, 0x0000000740400000| Untracked 
| 253|0x0000000740600000, 0x0000000740600000, 0x0000000740800000|  0%| F|  |TAMS 0x0000000740600000, 0x0000000740600000| Untracked 
| 254|0x0000000740800000, 0x0000000740800000, 0x0000000740a00000|  0%| F|  |TAMS 0x0000000740800000, 0x0000000740800000| Untracked 
| 255|0x0000000740a00000, 0x0000000740a00000, 0x0000000740c00000|  0%| F|  |TAMS 0x0000000740a00000, 0x0000000740a00000| Untracked 
| 256|0x0000000740c00000, 0x0000000740c00000, 0x0000000740e00000|  0%| F|  |TAMS 0x0000000740c00000, 0x0000000740c00000| Untracked 
| 257|0x0000000740e00000, 0x0000000740e00000, 0x0000000741000000|  0%| F|  |TAMS 0x0000000740e00000, 0x0000000740e00000| Untracked 
| 258|0x0000000741000000, 0x0000000741000000, 0x0000000741200000|  0%| F|  |TAMS 0x0000000741000000, 0x0000000741000000| Untracked 
| 259|0x0000000741200000, 0x0000000741200000, 0x0000000741400000|  0%| F|  |TAMS 0x0000000741200000, 0x0000000741200000| Untracked 
| 260|0x0000000741400000, 0x0000000741400000, 0x0000000741600000|  0%| F|  |TAMS 0x0000000741400000, 0x0000000741400000| Untracked 
| 261|0x0000000741600000, 0x0000000741600000, 0x0000000741800000|  0%| F|  |TAMS 0x0000000741600000, 0x0000000741600000| Untracked 
| 262|0x0000000741800000, 0x0000000741800000, 0x0000000741a00000|  0%| F|  |TAMS 0x0000000741800000, 0x0000000741800000| Untracked 
| 263|0x0000000741a00000, 0x0000000741a00000, 0x0000000741c00000|  0%| F|  |TAMS 0x0000000741a00000, 0x0000000741a00000| Untracked 
| 264|0x0000000741c00000, 0x0000000741c00000, 0x0000000741e00000|  0%| F|  |TAMS 0x0000000741c00000, 0x0000000741c00000| Untracked 
| 265|0x0000000741e00000, 0x0000000741e00000, 0x0000000742000000|  0%| F|  |TAMS 0x0000000741e00000, 0x0000000741e00000| Untracked 
| 266|0x0000000742000000, 0x0000000742000000, 0x0000000742200000|  0%| F|  |TAMS 0x0000000742000000, 0x0000000742000000| Untracked 
| 267|0x0000000742200000, 0x0000000742200000, 0x0000000742400000|  0%| F|  |TAMS 0x0000000742200000, 0x0000000742200000| Untracked 
| 268|0x0000000742400000, 0x0000000742400000, 0x0000000742600000|  0%| F|  |TAMS 0x0000000742400000, 0x0000000742400000| Untracked 
| 269|0x0000000742600000, 0x0000000742600000, 0x0000000742800000|  0%| F|  |TAMS 0x0000000742600000, 0x0000000742600000| Untracked 
| 270|0x0000000742800000, 0x0000000742800000, 0x0000000742a00000|  0%| F|  |TAMS 0x0000000742800000, 0x0000000742800000| Untracked 
| 271|0x0000000742a00000, 0x0000000742a00000, 0x0000000742c00000|  0%| F|  |TAMS 0x0000000742a00000, 0x0000000742a00000| Untracked 
| 272|0x0000000742c00000, 0x0000000742c00000, 0x0000000742e00000|  0%| F|  |TAMS 0x0000000742c00000, 0x0000000742c00000| Untracked 
| 273|0x0000000742e00000, 0x0000000742e00000, 0x0000000743000000|  0%| F|  |TAMS 0x0000000742e00000, 0x0000000742e00000| Untracked 
| 274|0x0000000743000000, 0x0000000743000000, 0x0000000743200000|  0%| F|  |TAMS 0x0000000743000000, 0x0000000743000000| Untracked 
| 275|0x0000000743200000, 0x00000007433c3418, 0x0000000743400000| 88%| S|CS|TAMS 0x0000000743200000, 0x0000000743200000| Complete 
| 276|0x0000000743400000, 0x0000000743400000, 0x0000000743600000|  0%| F|  |TAMS 0x0000000743400000, 0x0000000743400000| Untracked 
| 277|0x0000000743600000, 0x0000000743600000, 0x0000000743800000|  0%| F|  |TAMS 0x0000000743600000, 0x0000000743600000| Untracked 
| 278|0x0000000743800000, 0x0000000743800000, 0x0000000743a00000|  0%| F|  |TAMS 0x0000000743800000, 0x0000000743800000| Untracked 

Card table byte_map: [0x0000016ecea40000,0x0000016ecf140000] _byte_map_base: 0x0000016ecb13a000

Marking Bits (Prev, Next): (CMBitMap*) 0x0000016eb710df40, (CMBitMap*) 0x0000016eb710df80
 Prev Bits: [0x0000016ecf840000, 0x0000016ed3010000)
 Next Bits: [0x0000016ed3010000, 0x0000016ed67e0000)

Polling page: 0x0000016eb50a0000

Metaspace:

Usage:
  Non-class:      5.87 MB used.
      Class:    711.30 KB used.
       Both:      6.56 MB used.

Virtual space:
  Non-class space:       64.00 MB reserved,       6.00 MB (  9%) committed,  1 nodes.
      Class space:        1.00 GB reserved,     832.00 KB ( <1%) committed,  1 nodes.
             Both:        1.06 GB reserved,       6.81 MB ( <1%) committed. 

Chunk freelists:
   Non-Class:  2.04 MB
       Class:  3.23 MB
        Both:  5.27 MB

MaxMetaspaceSize: unlimited
CompressedClassSpaceSize: 1.00 GB
Initial GC threshold: 21.00 MB
Current GC threshold: 21.00 MB
CDS: on
MetaspaceReclaimPolicy: balanced
 - commit_granule_bytes: 65536.
 - commit_granule_words: 8192.
 - virtual_space_node_default_size: 8388608.
 - enlarge_chunks_in_place: 1.
 - new_chunks_are_fully_committed: 0.
 - uncommit_free_chunks: 1.
 - use_allocation_guard: 0.


Internal statistics:

num_allocs_failed_limit: 0.
num_arena_births: 152.
num_arena_deaths: 0.
num_vsnodes_births: 2.
num_vsnodes_deaths: 0.
num_space_committed: 109.
num_space_uncommitted: 0.
num_chunks_returned_to_freelist: 0.
num_chunks_taken_from_freelist: 161.
num_chunk_merges: 0.
num_chunk_splits: 114.
num_chunks_enlarged: 74.
num_inconsistent_stats: 0.

CodeHeap 'non-profiled nmethods': size=120000Kb used=250Kb max_used=250Kb free=119750Kb
 bounds [0x0000016ec6ae0000, 0x0000016ec6d50000, 0x0000016ece010000]
CodeHeap 'profiled nmethods': size=120000Kb used=1418Kb max_used=1418Kb free=118581Kb
 bounds [0x0000016ebf010000, 0x0000016ebf280000, 0x0000016ec6540000]
CodeHeap 'non-nmethods': size=5760Kb used=1341Kb max_used=1356Kb free=4418Kb
 bounds [0x0000016ec6540000, 0x0000016ec67b0000, 0x0000016ec6ae0000]
 total_blobs=1526 nmethods=946 adapters=491
 compilation: enabled
              stopped_count=0, restarted_count=0
 full_count=0

Compilation events (20 events):
Event: 0.971 Thread 0x0000016ed92073d0 nmethod 940 0x0000016ebf16ac10 code [0x0000016ebf16ae40, 0x0000016ebf16ba28]
Event: 0.971 Thread 0x0000016ed92073d0  938       3       java.lang.ref.ReferenceQueue::remove0 (18 bytes)
Event: 0.972 Thread 0x0000016ed92073d0 nmethod 938 0x0000016ebf16be90 code [0x0000016ebf16c060, 0x0000016ebf16c318]
Event: 0.972 Thread 0x0000016ed92073d0  939       3       java.awt.EventQueue::uncacheEQItem (53 bytes)
Event: 0.972 Thread 0x0000016ed92073d0 nmethod 939 0x0000016ebf16c410 code [0x0000016ebf16c600, 0x0000016ebf16cd28]
Event: 0.972 Thread 0x0000016ed92073d0  941       3       java.awt.EventDispatchThread$HierarchyEventFilter::acceptEvent (225 bytes)
Event: 0.973 Thread 0x0000016ed92073d0 nmethod 941 0x0000016ebf16cf10 code [0x0000016ebf16d1a0, 0x0000016ebf16e4b8]
Event: 0.973 Thread 0x0000016ed92073d0  942       3       sun.awt.dnd.SunDragSourceContextPeer::checkEvent (29 bytes)
Event: 0.973 Thread 0x0000016ed92073d0 nmethod 942 0x0000016ebf16e790 code [0x0000016ebf16e960, 0x0000016ebf16ee38]
Event: 1.002 Thread 0x0000016ed92073d0  943       3       java.awt.GraphicsEnvironment::isHeadless (4 bytes)
Event: 1.002 Thread 0x0000016ed92073d0 nmethod 943 0x0000016ebf16ef10 code [0x0000016ebf16f120, 0x0000016ebf16f798]
Event: 1.070 Thread 0x0000016ed92073d0  944       3       sun.java2d.pipe.Region::getIntersection (37 bytes)
Event: 1.070 Thread 0x0000016ed92073d0 nmethod 944 0x0000016ebf16fa10 code [0x0000016ebf16fc60, 0x0000016ebf1708d8]
Event: 1.070 Thread 0x0000016ed92073d0  945       3       sun.awt.image.BufferedImageGraphicsConfig::getConfig (111 bytes)
Event: 1.071 Thread 0x0000016ed92073d0 nmethod 945 0x0000016ebf170b90 code [0x0000016ebf170da0, 0x0000016ebf171528]
Event: 1.073 Thread 0x0000016ed92073d0  946       3       sun.awt.image.BufImgSurfaceData::createData (7 bytes)
Event: 1.073 Thread 0x0000016ed92073d0 nmethod 946 0x0000016ebf171710 code [0x0000016ebf1718e0, 0x0000016ebf171a08]
Event: 1.074 Thread 0x0000016ed92073d0  947       3       sun.java2d.SurfaceData::getSourceSurfaceData (110 bytes)
Event: 1.075 Thread 0x0000016ed92073d0 nmethod 947 0x0000016ebf171a90 code [0x0000016ebf171cc0, 0x0000016ebf1726f8]
Event: 1.075 Thread 0x0000016ed92073d0  948       3       sun.java2d.pipe.DrawImage::blitSurfaceData (258 bytes)

GC Heap History (20 events):
Event: 0.501 GC heap after
{Heap after GC invocations=3 (full 0):
 garbage-first heap   total 229376K, used 100183K [0x0000000720c00000, 0x0000000800000000)
  region size 2048K, 1 young (2048K), 1 survivors (2048K)
 Metaspace       used 6511K, committed 6784K, reserved 1114112K
  class space    used 710K, committed 832K, reserved 1048576K
}
Event: 0.506 GC heap before
{Heap before GC invocations=3 (full 0):
 garbage-first heap   total 229376K, used 106327K [0x0000000720c00000, 0x0000000800000000)
  region size 2048K, 3 young (6144K), 1 survivors (2048K)
 Metaspace       used 6511K, committed 6784K, reserved 1114112K
  class space    used 710K, committed 832K, reserved 1048576K
}
Event: 0.508 GC heap after
{Heap after GC invocations=4 (full 0):
 garbage-first heap   total 229376K, used 10006K [0x0000000720c00000, 0x0000000800000000)
  region size 2048K, 1 young (2048K), 1 survivors (2048K)
 Metaspace       used 6511K, committed 6784K, reserved 1114112K
  class space    used 710K, committed 832K, reserved 1048576K
}
Event: 0.564 GC heap before
{Heap before GC invocations=4 (full 0):
 garbage-first heap   total 229376K, used 106262K [0x0000000720c00000, 0x0000000800000000)
  region size 2048K, 3 young (6144K), 1 survivors (2048K)
 Metaspace       used 6533K, committed 6784K, reserved 1114112K
  class space    used 710K, committed 832K, reserved 1048576K
}
Event: 0.566 GC heap after
{Heap after GC invocations=5 (full 0):
 garbage-first heap   total 229376K, used 100138K [0x0000000720c00000, 0x0000000800000000)
  region size 2048K, 1 young (2048K), 1 survivors (2048K)
 Metaspace       used 6533K, committed 6784K, reserved 1114112K
  class space    used 710K, committed 832K, reserved 1048576K
}
Event: 0.572 GC heap before
{Heap before GC invocations=5 (full 0):
 garbage-first heap   total 229376K, used 104234K [0x0000000720c00000, 0x0000000800000000)
  region size 2048K, 2 young (4096K), 1 survivors (2048K)
 Metaspace       used 6534K, committed 6784K, reserved 1114112K
  class space    used 710K, committed 832K, reserved 1048576K
}
Event: 0.575 GC heap after
{Heap after GC invocations=6 (full 0):
 garbage-first heap   total 571392K, used 9963K [0x0000000720c00000, 0x0000000800000000)
  region size 2048K, 1 young (2048K), 1 survivors (2048K)
 Metaspace       used 6534K, committed 6784K, reserved 1114112K
  class space    used 710K, committed 832K, reserved 1048576K
}
Event: 0.718 GC heap before
{Heap before GC invocations=6 (full 0):
 garbage-first heap   total 571392K, used 261867K [0x0000000720c00000, 0x0000000800000000)
  region size 2048K, 3 young (6144K), 1 survivors (2048K)
 Metaspace       used 6582K, committed 6848K, reserved 1114112K
  class space    used 710K, committed 832K, reserved 1048576K
}
Event: 0.720 GC heap after
{Heap after GC invocations=7 (full 0):
 garbage-first heap   total 571392K, used 255928K [0x0000000720c00000, 0x0000000800000000)
  region size 2048K, 1 young (2048K), 1 survivors (2048K)
 Metaspace       used 6582K, committed 6848K, reserved 1114112K
  class space    used 710K, committed 832K, reserved 1048576K
}
Event: 0.723 GC heap before
{Heap before GC invocations=7 (full 0):
 garbage-first heap   total 571392K, used 260024K [0x0000000720c00000, 0x0000000800000000)
  region size 2048K, 2 young (4096K), 1 survivors (2048K)
 Metaspace       used 6582K, committed 6848K, reserved 1114112K
  class space    used 710K, committed 832K, reserved 1048576K
}
Event: 0.726 GC heap after
{Heap after GC invocations=8 (full 0):
 garbage-first heap   total 571392K, used 10056K [0x0000000720c00000, 0x0000000800000000)
  region size 2048K, 1 young (2048K), 1 survivors (2048K)
 Metaspace       used 6582K, committed 6848K, reserved 1114112K
  class space    used 710K, committed 832K, reserved 1048576K
}
Event: 0.842 GC heap before
{Heap before GC invocations=8 (full 0):
 garbage-first heap   total 571392K, used 261960K [0x0000000720c00000, 0x0000000800000000)
  region size 2048K, 3 young (6144K), 1 survivors (2048K)
 Metaspace       used 6625K, committed 6848K, reserved 1114112K
  class space    used 710K, committed 832K, reserved 1048576K
}
Event: 0.844 GC heap after
{Heap after GC invocations=9 (full 0):
 garbage-first heap   total 571392K, used 255740K [0x0000000720c00000, 0x0000000800000000)
  region size 2048K, 1 young (2048K), 1 survivors (2048K)
 Metaspace       used 6625K, committed 6848K, reserved 1114112K
  class space    used 710K, committed 832K, reserved 1048576K
}
Event: 0.846 GC heap before
{Heap before GC invocations=9 (full 0):
 garbage-first heap   total 571392K, used 259836K [0x0000000720c00000, 0x0000000800000000)
  region size 2048K, 2 young (4096K), 1 survivors (2048K)
 Metaspace       used 6626K, committed 6848K, reserved 1114112K
  class space    used 710K, committed 832K, reserved 1048576K
}
Event: 0.848 GC heap after
{Heap after GC invocations=10 (full 0):
 garbage-first heap   total 571392K, used 10044K [0x0000000720c00000, 0x0000000800000000)
  region size 2048K, 1 young (2048K), 1 survivors (2048K)
 Metaspace       used 6626K, committed 6848K, reserved 1114112K
  class space    used 710K, committed 832K, reserved 1048576K
}
Event: 0.964 GC heap before
{Heap before GC invocations=10 (full 0):
 garbage-first heap   total 571392K, used 261948K [0x0000000720c00000, 0x0000000800000000)
  region size 2048K, 3 young (6144K), 1 survivors (2048K)
 Metaspace       used 6701K, committed 6912K, reserved 1114112K
  class space    used 711K, committed 832K, reserved 1048576K
}
Event: 0.966 GC heap after
{Heap after GC invocations=11 (full 0):
 garbage-first heap   total 571392K, used 255752K [0x0000000720c00000, 0x0000000800000000)
  region size 2048K, 1 young (2048K), 1 survivors (2048K)
 Metaspace       used 6701K, committed 6912K, reserved 1114112K
  class space    used 711K, committed 832K, reserved 1048576K
}
Event: 0.969 GC heap before
{Heap before GC invocations=11 (full 0):
 garbage-first heap   total 571392K, used 261896K [0x0000000720c00000, 0x0000000800000000)
  region size 2048K, 3 young (6144K), 1 survivors (2048K)
 Metaspace       used 6707K, committed 6976K, reserved 1114112K
  class space    used 711K, committed 832K, reserved 1048576K
}
Event: 0.970 GC heap after
{Heap after GC invocations=12 (full 0):
 garbage-first heap   total 571392K, used 10012K [0x0000000720c00000, 0x0000000800000000)
  region size 2048K, 1 young (2048K), 1 survivors (2048K)
 Metaspace       used 6707K, committed 6976K, reserved 1114112K
  class space    used 711K, committed 832K, reserved 1048576K
}
Event: 1.075 GC heap before
{Heap before GC invocations=12 (full 0):
 garbage-first heap   total 571392K, used 261916K [0x0000000720c00000, 0x0000000800000000)
  region size 2048K, 3 young (6144K), 1 survivors (2048K)
 Metaspace       used 6721K, committed 6976K, reserved 1114112K
  class space    used 711K, committed 832K, reserved 1048576K
}

Dll operation events (9 events):
Event: 0.007 Loaded shared library C:\Program Files\Java\jdk-19\bin\java.dll
Event: 0.016 Loaded shared library C:\Program Files\Java\jdk-19\bin\jsvml.dll
Event: 0.057 Loaded shared library C:\Program Files\Java\jdk-19\bin\net.dll
Event: 0.059 Loaded shared library C:\Program Files\Java\jdk-19\bin\nio.dll
Event: 0.113 Loaded shared library C:\Program Files\Java\jdk-19\bin\jimage.dll
Event: 0.130 Loaded shared library C:\Program Files\Java\jdk-19\bin\awt.dll
Event: 0.275 Loaded shared library C:\Program Files\Java\jdk-19\bin\freetype.dll
Event: 0.276 Loaded shared library C:\Program Files\Java\jdk-19\bin\fontmanager.dll
Event: 0.334 Loaded shared library C:\Program Files\Java\jdk-19\bin\zip.dll

Deoptimization events (20 events):
Event: 0.103 Thread 0x0000016eb70a3d90 Uncommon trap: trap_request=0xffffff45 fr.pc=0x0000016ec6ae8948 relative=0x00000000000000a8
Event: 0.103 Thread 0x0000016eb70a3d90 Uncommon trap: reason=unstable_if action=reinterpret pc=0x0000016ec6ae8948 method=java.lang.String.isLatin1()Z @ 10 c2
Event: 0.103 Thread 0x0000016eb70a3d90 DEOPT PACKING pc=0x0000016ec6ae8948 sp=0x00000026c8efee30
Event: 0.103 Thread 0x0000016eb70a3d90 DEOPT UNPACKING pc=0x0000016ec65a6da3 sp=0x00000026c8efed70 mode 2
Event: 0.245 Thread 0x0000016eb70a3d90 Uncommon trap: trap_request=0xffffffc6 fr.pc=0x0000016ec6aed694 relative=0x0000000000000b74
Event: 0.245 Thread 0x0000016eb70a3d90 Uncommon trap: reason=bimorphic_or_optimized_type_check action=maybe_recompile pc=0x0000016ec6aed694 method=java.util.HashMap.putVal(ILjava/lang/Object;Ljava/lang/Object;ZZ)Ljava/lang/Object; @ 56 c2
Event: 0.245 Thread 0x0000016eb70a3d90 DEOPT PACKING pc=0x0000016ec6aed694 sp=0x00000026c8efeab0
Event: 0.245 Thread 0x0000016eb70a3d90 DEOPT UNPACKING pc=0x0000016ec65a6da3 sp=0x00000026c8efea38 mode 2
Event: 0.245 Thread 0x0000016eb70a3d90 Uncommon trap: trap_request=0xffffffc6 fr.pc=0x0000016ec6aed694 relative=0x0000000000000b74
Event: 0.245 Thread 0x0000016eb70a3d90 Uncommon trap: reason=bimorphic_or_optimized_type_check action=maybe_recompile pc=0x0000016ec6aed694 method=java.util.HashMap.putVal(ILjava/lang/Object;Ljava/lang/Object;ZZ)Ljava/lang/Object; @ 56 c2
Event: 0.245 Thread 0x0000016eb70a3d90 DEOPT PACKING pc=0x0000016ec6aed694 sp=0x00000026c8efeab0
Event: 0.245 Thread 0x0000016eb70a3d90 DEOPT UNPACKING pc=0x0000016ec65a6da3 sp=0x00000026c8efea38 mode 2
Event: 0.245 Thread 0x0000016eb70a3d90 Uncommon trap: trap_request=0xffffffc6 fr.pc=0x0000016ec6aed694 relative=0x0000000000000b74
Event: 0.245 Thread 0x0000016eb70a3d90 Uncommon trap: reason=bimorphic_or_optimized_type_check action=maybe_recompile pc=0x0000016ec6aed694 method=java.util.HashMap.putVal(ILjava/lang/Object;Ljava/lang/Object;ZZ)Ljava/lang/Object; @ 56 c2
Event: 0.245 Thread 0x0000016eb70a3d90 DEOPT PACKING pc=0x0000016ec6aed694 sp=0x00000026c8efeab0
Event: 0.245 Thread 0x0000016eb70a3d90 DEOPT UNPACKING pc=0x0000016ec65a6da3 sp=0x00000026c8efea38 mode 2
Event: 0.245 Thread 0x0000016eb70a3d90 Uncommon trap: trap_request=0xffffffc6 fr.pc=0x0000016ec6aed694 relative=0x0000000000000b74
Event: 0.245 Thread 0x0000016eb70a3d90 Uncommon trap: reason=bimorphic_or_optimized_type_check action=maybe_recompile pc=0x0000016ec6aed694 method=java.util.HashMap.putVal(ILjava/lang/Object;Ljava/lang/Object;ZZ)Ljava/lang/Object; @ 56 c2
Event: 0.245 Thread 0x0000016eb70a3d90 DEOPT PACKING pc=0x0000016ec6aed694 sp=0x00000026c8efeab0
Event: 0.245 Thread 0x0000016eb70a3d90 DEOPT UNPACKING pc=0x0000016ec65a6da3 sp=0x00000026c8efea38 mode 2

Classes loaded (20 events):
Event: 0.348 Loading class java/awt/Container$MouseEventTargetFilter
Event: 0.348 Loading class java/awt/Container$EventTargetFilter
Event: 0.348 Loading class java/awt/Container$EventTargetFilter done
Event: 0.348 Loading class java/awt/Container$MouseEventTargetFilter done
Event: 0.349 Loading class java/awt/LightweightDispatcher$1
Event: 0.349 Loading class java/awt/LightweightDispatcher$1 done
Event: 0.349 Loading class java/awt/event/AWTEventListenerProxy
Event: 0.349 Loading class java/awt/event/AWTEventListenerProxy done
Event: 0.349 Loading class java/awt/Toolkit$SelectiveAWTEventListener
Event: 0.349 Loading class java/awt/Toolkit$SelectiveAWTEventListener done
Event: 0.349 Loading class java/awt/Toolkit$ToolkitEventMulticaster
Event: 0.349 Loading class java/awt/Toolkit$ToolkitEventMulticaster done
Event: 0.349 Loading class java/awt/event/MouseWheelEvent
Event: 0.349 Loading class java/awt/event/MouseWheelEvent done
Event: 0.433 Loading class java/util/concurrent/locks/AbstractQueuedSynchronizer$ExclusiveNode
Event: 0.433 Loading class java/util/concurrent/locks/AbstractQueuedSynchronizer$ExclusiveNode done
Event: 0.917 Loading class java/awt/event/ContainerEvent
Event: 0.917 Loading class java/awt/event/ContainerEvent done
Event: 0.917 Loading class javax/swing/event/ChangeEvent
Event: 0.917 Loading class javax/swing/event/ChangeEvent done

Classes unloaded (0 events):
No events

Classes redefined (0 events):
No events

Internal exceptions (15 events):
Event: 0.073 Thread 0x0000016eb70a3d90 Exception <a 'java/lang/NoSuchMethodError'{0x000000072eb8b560}: 'void java.lang.invoke.DirectMethodHandle$Holder.invokeVirtual(java.lang.Object, java.lang.Object)'> (0x000000072eb8b560) 
thrown [s\open\src\hotspot\share\interpreter\linkResolver.cpp, line 774]
Event: 0.115 Thread 0x0000016eb70a3d90 Exception <a 'sun/nio/fs/WindowsException'{0x000000072e8d0420}> (0x000000072e8d0420) 
thrown [s\open\src\hotspot\share\prims\jni.cpp, line 517]
Event: 0.120 Thread 0x0000016eb70a3d90 Exception <a 'java/lang/ClassNotFoundException'{0x000000072e8d62e8}: sun/awt/resources/spi/awtProvider> (0x000000072e8d62e8) 
thrown [s\open\src\hotspot\share\classfile\systemDictionary.cpp, line 255]
Event: 0.143 Thread 0x0000016eb70a3d90 Exception <a 'java/io/FileNotFoundException'{0x000000072e92d1e8}> (0x000000072e92d1e8) 
thrown [s\open\src\hotspot\share\prims\jni.cpp, line 517]
Event: 0.149 Thread 0x0000016eb70a3d90 Exception <a 'java/io/FileNotFoundException'{0x000000072e9599c8}> (0x000000072e9599c8) 
thrown [s\open\src\hotspot\share\prims\jni.cpp, line 517]
Event: 0.182 Thread 0x0000016eb70a3d90 Exception <a 'java/lang/NoSuchMethodError'{0x000000072e99e5d0}: 'java.lang.Object java.lang.invoke.DirectMethodHandle$Holder.invokeStaticInit(java.lang.Object)'> (0x000000072e99e5d0) 
thrown [s\open\src\hotspot\share\interpreter\linkResolver.cpp, line 774]
Event: 0.213 Thread 0x0000016eb70a3d90 Exception <a 'java/lang/NoSuchMethodError'{0x000000072e6a0ed0}: 'void java.lang.invoke.DirectMethodHandle$Holder.invokeSpecial(java.lang.Object, java.lang.Object, java.lang.Object)'> (0x000000072e6a0ed0) 
thrown [s\open\src\hotspot\share\interpreter\linkResolver.cpp, line 774]
Event: 0.221 Thread 0x0000016eb70a3d90 Exception <a 'java/lang/NoSuchMethodError'{0x000000072e6cbb70}: 'java.lang.Object java.lang.invoke.DirectMethodHandle$Holder.newInvokeSpecial(java.lang.Object, java.lang.Object, java.lang.Object, java.lang.Object, java.lang.Object)'> (0x000000072e6cbb70) 
thrown [s\open\src\hotspot\share\interpreter\linkResolver.cpp, line 774]
Event: 0.225 Thread 0x0000016eb70a3d90 Exception <a 'java/lang/NoSuchMethodError'{0x000000072e6fd858}: 'java.lang.Object java.lang.invoke.DirectMethodHandle$Holder.invokeStatic(java.lang.Object, int, java.lang.Object)'> (0x000000072e6fd858) 
thrown [s\open\src\hotspot\share\interpreter\linkResolver.cpp, line 774]
Event: 0.244 Thread 0x0000016eb70a3d90 Exception <a 'java/lang/ClassNotFoundException'{0x000000072e7b8fd0}: com/sun/swing/internal/plaf/metal/resources/spi/metalProvider> (0x000000072e7b8fd0) 
thrown [s\open\src\hotspot\share\classfile\systemDictionary.cpp, line 255]
Event: 0.245 Thread 0x0000016eb70a3d90 Exception <a 'java/lang/ClassNotFoundException'{0x000000072e7bcfa0}: com/sun/swing/internal/plaf/basic/resources/spi/basicProvider> (0x000000072e7bcfa0) 
thrown [s\open\src\hotspot\share\classfile\systemDictionary.cpp, line 255]
Event: 0.253 Thread 0x0000016eb70a3d90 Exception <a 'java/lang/NoSuchMethodError'{0x000000072e7dceb8}: 'int java.lang.invoke.Invokers$Holder.invokeExact_MT(java.lang.Object, java.lang.Object)'> (0x000000072e7dceb8) 
thrown [s\open\src\hotspot\share\interpreter\linkResolver.cpp, line 774]
Event: 0.272 Thread 0x0000016eb70a3d90 Exception <a 'java/lang/NoSuchMethodError'{0x000000072e4751a8}: 'void java.lang.invoke.DirectMethodHandle$Holder.invokeStaticInit(java.lang.Object)'> (0x000000072e4751a8) 
thrown [s\open\src\hotspot\share\interpreter\linkResolver.cpp, line 774]
Event: 0.296 Thread 0x0000016eb70a3d90 Exception <a 'sun/nio/fs/WindowsException'{0x000000072e4cd570}> (0x000000072e4cd570) 
thrown [s\open\src\hotspot\share\prims\jni.cpp, line 517]
Event: 0.336 Thread 0x0000016edd4a6010 Exception <a 'java/lang/NoSuchMethodError'{0x000000072e4f3e00}: 'java.lang.Object java.lang.invoke.DirectMethodHandle$Holder.newInvokeSpecial(java.lang.Object, java.lang.Object, java.lang.Object, int, int, int, int, int)'> (0x000000072e4f3e00) 
thrown [s\open\src\hotspot\share\interpreter\linkResolver.cpp, line 774]

VM Operations (20 events):
Event: 0.501 Executing VM operation: G1TryInitiateConcMark done
Event: 0.506 Executing VM operation: G1TryInitiateConcMark
Event: 0.508 Executing VM operation: G1TryInitiateConcMark done
Event: 0.564 Executing VM operation: G1TryInitiateConcMark
Event: 0.568 Executing VM operation: G1TryInitiateConcMark done
Event: 0.572 Executing VM operation: G1TryInitiateConcMark
Event: 0.575 Executing VM operation: G1TryInitiateConcMark done
Event: 0.718 Executing VM operation: G1TryInitiateConcMark
Event: 0.720 Executing VM operation: G1TryInitiateConcMark done
Event: 0.723 Executing VM operation: G1TryInitiateConcMark
Event: 0.726 Executing VM operation: G1TryInitiateConcMark done
Event: 0.842 Executing VM operation: G1TryInitiateConcMark
Event: 0.844 Executing VM operation: G1TryInitiateConcMark done
Event: 0.846 Executing VM operation: G1TryInitiateConcMark
Event: 0.848 Executing VM operation: G1TryInitiateConcMark done
Event: 0.964 Executing VM operation: G1TryInitiateConcMark
Event: 0.966 Executing VM operation: G1TryInitiateConcMark done
Event: 0.968 Executing VM operation: G1TryInitiateConcMark
Event: 0.970 Executing VM operation: G1TryInitiateConcMark done
Event: 1.075 Executing VM operation: G1TryInitiateConcMark

Events (19 events):
Event: 0.016 Thread 0x0000016eb70a3d90 Thread added: 0x0000016eb70a3d90
Event: 0.027 Thread 0x0000016ed91ed290 Thread added: 0x0000016ed91ed290
Event: 0.027 Thread 0x0000016ed91ee9c0 Thread added: 0x0000016ed91ee9c0
Event: 0.028 Thread 0x0000016ed91f2be0 Thread added: 0x0000016ed91f2be0
Event: 0.028 Thread 0x0000016ed91f6a30 Thread added: 0x0000016ed91f6a30
Event: 0.028 Thread 0x0000016ed91f7e40 Thread added: 0x0000016ed91f7e40
Event: 0.028 Thread 0x0000016ed91fdad0 Thread added: 0x0000016ed91fdad0
Event: 0.028 Thread 0x0000016ed9206cb0 Thread added: 0x0000016ed9206cb0
Event: 0.028 Thread 0x0000016ed92073d0 Thread added: 0x0000016ed92073d0
Event: 0.028 Thread 0x0000016ed9212960 Thread added: 0x0000016ed9212960
Event: 0.050 Thread 0x0000016edd4a4030 Thread added: 0x0000016edd4a4030
Event: 0.101 Thread 0x0000016edd4a5ac0 Thread added: 0x0000016edd4a5ac0
Event: 0.183 Thread 0x0000016edd4a3ae0 Thread added: 0x0000016edd4a3ae0
Event: 0.184 Thread 0x0000016edd4a5020 Thread added: 0x0000016edd4a5020
Event: 0.185 Thread 0x0000016edd4a4580 Thread added: 0x0000016edd4a4580
Event: 0.261 Thread 0x0000016edd4a6ab0 Thread added: 0x0000016edd4a6ab0
Event: 0.331 Thread 0x0000016edd4a6010 Thread added: 0x0000016edd4a6010
Event: 0.346 Thread 0x0000016eb70a3d90 Thread exited: 0x0000016eb70a3d90
Event: 0.346 Thread 0x0000016edd4a3590 Thread added: 0x0000016edd4a3590


Dynamic libraries:
0x00007ff6f5620000 - 0x00007ff6f5630000 	C:\Program Files\Java\jdk-19\bin\javaw.exe
0x00007ffbb5990000 - 0x00007ffbb5b85000 	C:\Windows\SYSTEM32\ntdll.dll
0x00007ffbb4f90000 - 0x00007ffbb504e000 	C:\Windows\System32\KERNEL32.DLL
0x00007ffbb34e0000 - 0x00007ffbb37a9000 	C:\Windows\System32\KERNELBASE.dll
0x00007ffbb30b0000 - 0x00007ffbb31b0000 	C:\Windows\System32\ucrtbase.dll
0x00007ffbb0890000 - 0x00007ffbb08ab000 	C:\Program Files\Java\jdk-19\bin\VCRUNTIME140.dll
0x00007ffbac1a0000 - 0x00007ffbac1b8000 	C:\Program Files\Java\jdk-19\bin\jli.dll
0x00007ffbb4ee0000 - 0x00007ffbb4f8c000 	C:\Windows\System32\ADVAPI32.dll
0x00007ffbb4d50000 - 0x00007ffbb4dee000 	C:\Windows\System32\msvcrt.dll
0x00007ffbb3a40000 - 0x00007ffbb3adb000 	C:\Windows\System32\sechost.dll
0x00007ffbb4350000 - 0x00007ffbb447a000 	C:\Windows\System32\RPCRT4.dll
0x00007ffbb3cb0000 - 0x00007ffbb3e51000 	C:\Windows\System32\USER32.dll
0x00007ffbb3850000 - 0x00007ffbb3872000 	C:\Windows\System32\win32u.dll
0x00007ffb9aa80000 - 0x00007ffb9ad1a000 	C:\Windows\WinSxS\amd64_microsoft.windows.common-controls_6595b64144ccf1df_6.0.19041.1110_none_60b5254171f9507e\COMCTL32.dll
0x00007ffbb4320000 - 0x00007ffbb434b000 	C:\Windows\System32\GDI32.dll
0x00007ffbb38d0000 - 0x00007ffbb39db000 	C:\Windows\System32\gdi32full.dll
0x00007ffbb37b0000 - 0x00007ffbb384d000 	C:\Windows\System32\msvcp_win.dll
0x00007ffba7260000 - 0x00007ffba726a000 	C:\Windows\SYSTEM32\VERSION.dll
0x00007ffbb5180000 - 0x00007ffbb51b0000 	C:\Windows\System32\IMM32.DLL
0x00007ffbb0880000 - 0x00007ffbb088c000 	C:\Program Files\Java\jdk-19\bin\vcruntime140_1.dll
0x00007ffba4d20000 - 0x00007ffba4dae000 	C:\Program Files\Java\jdk-19\bin\msvcp140.dll
0x00007ffb720e0000 - 0x00007ffb72da0000 	C:\Program Files\Java\jdk-19\bin\server\jvm.dll
0x00007ffbaadc0000 - 0x00007ffbaade7000 	C:\Windows\SYSTEM32\WINMM.dll
0x00007ffbae0f0000 - 0x00007ffbae0f9000 	C:\Windows\SYSTEM32\WSOCK32.dll
0x00007ffbb3c40000 - 0x00007ffbb3cab000 	C:\Windows\System32\WS2_32.dll
0x00007ffbb0fd0000 - 0x00007ffbb0fe2000 	C:\Windows\SYSTEM32\kernel.appcore.dll
0x00007ffbac010000 - 0x00007ffbac01a000 	C:\Program Files\Java\jdk-19\bin\jimage.dll
0x00007ffba4b20000 - 0x00007ffba4d04000 	C:\Windows\SYSTEM32\DBGHELP.DLL
0x00007ffba5140000 - 0x00007ffba516c000 	C:\Windows\SYSTEM32\dbgcore.DLL
0x00007ffbb3260000 - 0x00007ffbb32e3000 	C:\Windows\System32\bcryptPrimitives.dll
0x00007ffbabfe0000 - 0x00007ffbac006000 	C:\Program Files\Java\jdk-19\bin\java.dll
0x00007ffba3970000 - 0x00007ffba3a47000 	C:\Program Files\Java\jdk-19\bin\jsvml.dll
0x00007ffbb5210000 - 0x00007ffbb594f000 	C:\Windows\System32\SHELL32.dll
0x00007ffbb11d0000 - 0x00007ffbb1960000 	C:\Windows\SYSTEM32\windows.storage.dll
0x00007ffbb49f0000 - 0x00007ffbb4d45000 	C:\Windows\System32\combase.dll
0x00007ffbb2a30000 - 0x00007ffbb2a5c000 	C:\Windows\SYSTEM32\Wldp.dll
0x00007ffbb3f80000 - 0x00007ffbb402d000 	C:\Windows\System32\SHCORE.dll
0x00007ffbb51b0000 - 0x00007ffbb5205000 	C:\Windows\System32\shlwapi.dll
0x00007ffbb2ff0000 - 0x00007ffbb300f000 	C:\Windows\SYSTEM32\profapi.dll
0x00007ffba9360000 - 0x00007ffba9373000 	C:\Program Files\Java\jdk-19\bin\net.dll
0x00007ffbad940000 - 0x00007ffbada48000 	C:\Windows\SYSTEM32\WINHTTP.dll
0x00007ffbb2790000 - 0x00007ffbb27fa000 	C:\Windows\system32\mswsock.dll
0x00007ffba9340000 - 0x00007ffba9356000 	C:\Program Files\Java\jdk-19\bin\nio.dll
0x00007ffb6e800000 - 0x00007ffb6e991000 	C:\Program Files\Java\jdk-19\bin\awt.dll
0x00007ffbb4480000 - 0x00007ffbb454d000 	C:\Windows\System32\OLEAUT32.dll
0x00007ffbb0920000 - 0x00007ffbb09b0000 	C:\Windows\SYSTEM32\apphelp.dll
0x00007ffbb0ce0000 - 0x00007ffbb0d0f000 	C:\Windows\system32\DWMAPI.DLL
0x00007ffbb0af0000 - 0x00007ffbb0b8e000 	C:\Windows\system32\uxtheme.dll
0x00007ffb6e6d0000 - 0x00007ffb6e7f5000 	C:\Windows\system32\opengl32.dll
0x00007ffb97b80000 - 0x00007ffb97bac000 	C:\Windows\SYSTEM32\GLU32.dll
0x00007ffbb3e60000 - 0x00007ffbb3f75000 	C:\Windows\System32\MSCTF.dll
0x00007ffbb5050000 - 0x00007ffbb517a000 	C:\Windows\System32\ole32.dll
0x00007ffbaae70000 - 0x00007ffbaaeab000 	C:\Windows\SYSTEM32\dxcore.dll
0x00007ffbb3880000 - 0x00007ffbb38ce000 	C:\Windows\System32\cfgmgr32.dll
0x00007ffb7d660000 - 0x00007ffb7d6e6000 	C:\Program Files\Java\jdk-19\bin\freetype.dll
0x00007ffb6e620000 - 0x00007ffb6e6c9000 	C:\Program Files\Java\jdk-19\bin\fontmanager.dll
0x00007ffba9380000 - 0x00007ffba9479000 	C:\Windows\SYSTEM32\textinputframework.dll
0x00007ffbb0290000 - 0x00007ffbb05ee000 	C:\Windows\System32\CoreUIComponents.dll
0x00007ffbb05f0000 - 0x00007ffbb06e2000 	C:\Windows\System32\CoreMessaging.dll
0x00007ffbb1da0000 - 0x00007ffbb1dd3000 	C:\Windows\SYSTEM32\ntmarta.dll
0x00007ffbafbc0000 - 0x00007ffbafd14000 	C:\Windows\SYSTEM32\wintypes.dll
0x00007ffba8880000 - 0x00007ffba8898000 	C:\Program Files\Java\jdk-19\bin\zip.dll

dbghelp: loaded successfully - version: 4.0.5 - missing functions: none
symbol engine: initialized successfully - sym options: 0x614 - pdb path: .;C:\Program Files\Java\jdk-19\bin;C:\Windows\SYSTEM32;C:\Windows\WinSxS\amd64_microsoft.windows.common-controls_6595b64144ccf1df_6.0.19041.1110_none_60b5254171f9507e;C:\Program Files\Java\jdk-19\bin\server

VM Arguments:
jvm_args: -Dfile.encoding=UTF-8 --module-path=C:\Users\Balance Frequency\eclipse-workspace\game1\bin -XX:+ShowCodeDetailsInExceptionMessages -Djdk.module.main=game1 
java_command: game1/game1.class1
java_class_path (initial): <not set>
Launcher Type: SUN_STANDARD

[Global flags]
     intx CICompilerCount                          = 4                                         {product} {ergonomic}
     uint ConcGCThreads                            = 2                                         {product} {ergonomic}
     uint G1ConcRefinementThreads                  = 8                                         {product} {ergonomic}
   size_t G1HeapRegionSize                         = 2097152                                   {product} {ergonomic}
    uintx GCDrainStackTargetSize                   = 64                                        {product} {ergonomic}
   size_t InitialHeapSize                          = 234881024                                 {product} {ergonomic}
   size_t MarkStackSize                            = 4194304                                   {product} {ergonomic}
   size_t MaxHeapSize                              = 3745513472                                {product} {ergonomic}
   size_t MaxNewSize                               = 2246049792                                {product} {ergonomic}
   size_t MinHeapDeltaBytes                        = 2097152                                   {product} {ergonomic}
   size_t MinHeapSize                              = 8388608                                   {product} {ergonomic}
    uintx NonNMethodCodeHeapSize                   = 5839372                                {pd product} {ergonomic}
    uintx NonProfiledCodeHeapSize                  = 122909434                              {pd product} {ergonomic}
    uintx ProfiledCodeHeapSize                     = 122909434                              {pd product} {ergonomic}
    uintx ReservedCodeCacheSize                    = 251658240                              {pd product} {ergonomic}
     bool SegmentedCodeCache                       = true                                      {product} {ergonomic}
     bool ShowCodeDetailsInExceptionMessages       = true                                   {manageable} {command line}
   size_t SoftMaxHeapSize                          = 3745513472                             {manageable} {ergonomic}
     bool UseCompressedClassPointers               = true                           {product lp64_product} {ergonomic}
     bool UseCompressedOops                        = true                           {product lp64_product} {ergonomic}
     bool UseG1GC                                  = true                                      {product} {ergonomic}
     bool UseLargePagesIndividualAllocation        = false                                  {pd product} {ergonomic}

Logging:
Log output configuration:
 #0: stdout all=warning uptime,level,tags foldmultilines=false
 #1: stderr all=off uptime,level,tags foldmultilines=false

Environment Variables:
PATH=C:\Program Files\Common Files\Oracle\Java\javapath;C:\Windows\system32;C:\Windows;C:\Windows\System32\Wbem;C:\Windows\System32\WindowsPowerShell\v1.0\;C:\Windows\System32\OpenSSH\;C:\Users\Balance Frequency\AppData\Local\Microsoft\WindowsApps;
USERNAME=Balance Frequency
OS=Windows_NT
PROCESSOR_IDENTIFIER=AMD64 Family 23 Model 24 Stepping 1, AuthenticAMD
TMP=C:\Users\BALANC~1\AppData\Local\Temp
TEMP=C:\Users\BALANC~1\AppData\Local\Temp



---------------  S Y S T E M  ---------------

OS:
 Windows 10 , 64 bit Build 19041 (10.0.19041.1202)
OS uptime: 2 days 5:30 hours

CPU: total 8 (initial active 8) (8 cores per cpu, 2 threads per core) family 23 model 24 stepping 1 microcode 0x0, cx8, cmov, fxsr, ht, mmx, 3dnowpref, sse, sse2, sse3, ssse3, sse4a, sse4.1, sse4.2, popcnt, lzcnt, tsc, tscinvbit, avx, avx2, aes, clmul, bmi1, bmi2, adx, sha, fma, vzeroupper, clflush, clflushopt, rdtscp

Memory: 4k page, system-wide physical 14284M (10261M free)
TotalPageFile size 24518M (AvailPageFile size 22M)
current process WorkingSet (physical memory assigned to process): 262M, peak: 262M
current process commit charge ("private bytes"): 669M, peak: 1785M

vm_info: Java HotSpot(TM) 64-Bit Server VM (19+36-2238) for windows-amd64 JRE (19+36-2238), built on 2022-08-12T20:29:01Z by "mach5one" with MS VC++ 17.1 (VS2022)

END.
