#
# There is insufficient memory for the Java Runtime Environment to continue.
# Native memory allocation (mmap) failed to map 5832704 bytes for G1 virtual space
# Possible reasons:
#   The system is out of physical RAM or swap space
#   The process is running with CompressedOops enabled, and the Java Heap may be blocking the growth of the native heap
# Possible solutions:
#   Reduce memory load on the system
#   Increase physical memory or swap space
#   Check if swap backing store is full
#   Decrease Java heap size (-Xmx/-Xms)
#   Decrease number of Java threads
#   Decrease Java thread stack sizes (-Xss)
#   Set larger code cache with -XX:ReservedCodeCacheSize=
#   JVM is running with Zero Based Compressed Oops mode in which the Java heap is
#     placed in the first 32GB address space. The Java Heap base address is the
#     maximum limit for the native heap growth. Please use -XX:HeapBaseMinAddress
#     to set the Java Heap base and to place the Java Heap above 32GB virtual address.
# This output file may be truncated or incomplete.
#
#  Out of Memory Error (os_windows.cpp:3527), pid=15080, tid=12924
#
# JRE version: Java(TM) SE Runtime Environment (19.0+36) (build 19+36-2238)
# Java VM: Java HotSpot(TM) 64-Bit Server VM (19+36-2238, mixed mode, sharing, tiered, compressed oops, compressed class ptrs, g1 gc, windows-amd64)
# No core dump will be written. Minidumps are not enabled by default on client versions of Windows
#

---------------  S U M M A R Y ------------

Command Line: -Dfile.encoding=UTF-8 --module-path=C:\Users\Balance Frequency\eclipse-workspace\game1\bin -XX:+ShowCodeDetailsInExceptionMessages -Djdk.module.main=game1 game1/game1.class1

Host: AMD Ryzen 5 3400G with Radeon Vega Graphics    , 8 cores, 13G,  Windows 10 , 64 bit Build 19041 (10.0.19041.1202)
Time: Sat Oct 22 16:25:18 2022 India Standard Time elapsed time: 0.560475 seconds (0d 0h 0m 0s)

---------------  T H R E A D  ---------------

Current thread (0x00000176d8d71180):  VMThread "VM Thread" [stack: 0x000000161be00000,0x000000161bf00000] [id=12924]

Stack: [0x000000161be00000,0x000000161bf00000]
Native frames: (J=compiled Java code, j=interpreted, Vv=VM code, C=native code)
V  [jvm.dll+0x6ee8fa]
V  [jvm.dll+0x857a1e]
V  [jvm.dll+0x85940e]
V  [jvm.dll+0x859ac3]
V  [jvm.dll+0x28291f]
V  [jvm.dll+0x6eb6e9]
V  [jvm.dll+0x6e028a]
V  [jvm.dll+0x357136]
V  [jvm.dll+0x35eb96]
V  [jvm.dll+0x3b5588]
V  [jvm.dll+0x3b578f]
V  [jvm.dll+0x32c6ea]
V  [jvm.dll+0x32c797]
V  [jvm.dll+0x374b52]
V  [jvm.dll+0x37328f]
V  [jvm.dll+0x32bf10]
V  [jvm.dll+0x372b4d]
V  [jvm.dll+0x85ef83]
V  [jvm.dll+0x85fd49]
V  [jvm.dll+0x86027d]
V  [jvm.dll+0x86070b]
V  [jvm.dll+0x8607c7]
V  [jvm.dll+0x8015fa]
V  [jvm.dll+0x6ed5eb]
C  [ucrtbase.dll+0x21bb2]
C  [KERNEL32.DLL+0x17034]
C  [ntdll.dll+0x52651]

VM_Operation (0x000000161cefdf08): G1TryInitiateConcMark, mode: safepoint, requested by thread 0x00000176dd3ec450


---------------  P R O C E S S  ---------------

Threads class SMR info:
_java_thread_list=0x00000176ddb5b400, length=17, elements={
0x00000176d8d8c5e0, 0x00000176d8d8db70, 0x00000176d8d943e0, 0x00000176d8d94f10,
0x00000176d8d96120, 0x00000176d8d98610, 0x00000176d8d9f980, 0x00000176d8dbff10,
0x00000176d8dd2c60, 0x00000176d8d62b80, 0x00000176dd157ab0, 0x00000176dd22d820,
0x00000176dd22dd60, 0x00000176dd22e5a0, 0x00000176dd3ec450, 0x00000176ddb73970,
0x00000176b6c16b60
}

Java Threads: ( => current thread )
  0x00000176d8d8c5e0 JavaThread "Reference Handler" daemon [_thread_blocked, id=13964, stack(0x000000161bf00000,0x000000161c000000)]
  0x00000176d8d8db70 JavaThread "Finalizer" daemon [_thread_blocked, id=11536, stack(0x000000161c000000,0x000000161c100000)]
  0x00000176d8d943e0 JavaThread "Signal Dispatcher" daemon [_thread_blocked, id=5724, stack(0x000000161c100000,0x000000161c200000)]
  0x00000176d8d94f10 JavaThread "Attach Listener" daemon [_thread_blocked, id=15476, stack(0x000000161c200000,0x000000161c300000)]
  0x00000176d8d96120 JavaThread "Service Thread" daemon [_thread_blocked, id=6728, stack(0x000000161c300000,0x000000161c400000)]
  0x00000176d8d98610 JavaThread "Monitor Deflation Thread" daemon [_thread_blocked, id=5656, stack(0x000000161c400000,0x000000161c500000)]
  0x00000176d8d9f980 JavaThread "C2 CompilerThread0" daemon [_thread_blocked, id=15204, stack(0x000000161c500000,0x000000161c600000)]
  0x00000176d8dbff10 JavaThread "C1 CompilerThread0" daemon [_thread_blocked, id=14696, stack(0x000000161c600000,0x000000161c700000)]
  0x00000176d8dd2c60 JavaThread "Sweeper thread" daemon [_thread_blocked, id=9124, stack(0x000000161c700000,0x000000161c800000)]
  0x00000176d8d62b80 JavaThread "Common-Cleaner" daemon [_thread_blocked, id=9644, stack(0x000000161c800000,0x000000161c900000)]
  0x00000176dd157ab0 JavaThread "Notification Thread" daemon [_thread_blocked, id=15692, stack(0x000000161c900000,0x000000161ca00000)]
  0x00000176dd22d820 JavaThread "Java2D Disposer" daemon [_thread_blocked, id=10424, stack(0x000000161cb00000,0x000000161cc00000)]
  0x00000176dd22dd60 JavaThread "AWT-Shutdown" [_thread_blocked, id=10540, stack(0x000000161cc00000,0x000000161cd00000)]
  0x00000176dd22e5a0 JavaThread "AWT-Windows" daemon [_thread_in_native, id=4300, stack(0x000000161cd00000,0x000000161ce00000)]
  0x00000176dd3ec450 JavaThread "AWT-EventQueue-0" [_thread_blocked, id=12992, stack(0x000000161ce00000,0x000000161cf00000)]
  0x00000176ddb73970 JavaThread "Image Fetcher 0" daemon [_thread_blocked, id=5980, stack(0x000000161cf00000,0x000000161d000000)]
  0x00000176b6c16b60 JavaThread "DestroyJavaVM" [_thread_blocked, id=12364, stack(0x000000161b800000,0x000000161b900000)]

Other Threads:
=>0x00000176d8d71180 VMThread "VM Thread" [stack: 0x000000161be00000,0x000000161bf00000] [id=12924]
  0x00000176dd0febf0 WatcherThread "VM Periodic Task Thread" [stack: 0x000000161ca00000,0x000000161cb00000] [id=11216]
  0x00000176b6c7e000 WorkerThread "GC Thread#0" [stack: 0x000000161b900000,0x000000161ba00000] [id=15772]
  0x00000176dd171010 WorkerThread "GC Thread#1" [stack: 0x000000161d000000,0x000000161d100000] [id=14860]
  0x00000176dd0fef10 WorkerThread "GC Thread#2" [stack: 0x000000161d100000,0x000000161d200000] [id=8812]
  0x00000176dd0ff1e0 WorkerThread "GC Thread#3" [stack: 0x000000161d200000,0x000000161d300000] [id=6452]
  0x00000176dd0ab710 WorkerThread "GC Thread#4" [stack: 0x000000161d300000,0x000000161d400000] [id=12784]
  0x00000176dd0ab9e0 WorkerThread "GC Thread#5" [stack: 0x000000161d400000,0x000000161d500000] [id=1264]
  0x00000176ddb997f0 WorkerThread "GC Thread#6" [stack: 0x000000161d500000,0x000000161d600000] [id=6188]
  0x00000176b6ca9f20 ConcurrentGCThread "G1 Main Marker" [stack: 0x000000161ba00000,0x000000161bb00000] [id=10228]
  0x00000176b6cab870 WorkerThread "G1 Conc#0" [stack: 0x000000161bb00000,0x000000161bc00000] [id=10988]
  0x00000176b6ceebc0 ConcurrentGCThread "G1 Refine#0" [stack: 0x000000161bc00000,0x000000161bd00000] [id=5200]
  0x00000176d8c2f790 ConcurrentGCThread "G1 Service" [stack: 0x000000161bd00000,0x000000161be00000] [id=15364]

Threads with active compile tasks:

VM state: at safepoint (normal execution)

VM Mutex/Monitor currently owned by a thread:  ([mutex/lock_event])
[0x00000176b6c11fe0] Threads_lock - owner thread: 0x00000176d8d71180
[0x00000176b6c12610] Heap_lock - owner thread: 0x00000176dd3ec450

Heap address: 0x0000000720c00000, size: 3572 MB, Compressed Oops mode: Zero based, Oop shift amount: 3

CDS archive(s) mapped at: [0x0000000800000000-0x0000000800c40000-0x0000000800c40000), size 12845056, SharedBaseAddress: 0x0000000800000000, ArchiveRelocationMode: 0.
Compressed class space mapped at: 0x0000000801000000-0x0000000841000000, reserved size: 1073741824
Narrow klass base: 0x0000000800000000, Narrow klass shift: 0, Narrow klass range: 0x100000000

GC Precious Log:
 CardTable entry size: 512
 Card Set container configuration: InlinePtr #cards 4 size 8 Array Of Cards #cards 8 size 32 Howl #buckets 8 coarsen threshold 3686 Howl Bitmap #cards 512 size 80 coarsen threshold 460 Card regions per heap region 1 cards per card region 4096
 CPUs: 8 total, 8 available
 Memory: 14284M
 Large Page Support: Disabled
 NUMA Support: Disabled
 Compressed Oops: Enabled (Zero based)
 Heap Region Size: 2M
 Heap Min Capacity: 8M
 Heap Initial Capacity: 224M
 Heap Max Capacity: 3572M
 Pre-touch: Disabled
 Parallel Workers: 8
 Concurrent Workers: 2
 Concurrent Refinement Workers: 8
 Periodic GC: Disabled

Heap:
 garbage-first heap   total 229376K, used 9951K [0x0000000720c00000, 0x0000000800000000)
  region size 2048K, 1 young (2048K), 1 survivors (2048K)
 Metaspace       used 6523K, committed 6784K, reserved 1114112K
  class space    used 710K, committed 832K, reserved 1048576K

Heap Regions: E=young(eden), S=young(survivor), O=old, HS=humongous(starts), HC=humongous(continues), CS=collection set, F=free, OA=open archive, CA=closed archive, TAMS=top-at-mark-start (previous, next)
|   0|0x0000000720c00000, 0x0000000720c00000, 0x0000000720e00000|  0%| F|  |TAMS 0x0000000720c00000, 0x0000000720c00000| Untracked 
|   1|0x0000000720e00000, 0x0000000720e00000, 0x0000000721000000|  0%| F|  |TAMS 0x0000000720e00000, 0x0000000720e00000| Untracked 
|   2|0x0000000721000000, 0x0000000721000000, 0x0000000721200000|  0%| F|  |TAMS 0x0000000721000000, 0x0000000721000000| Untracked 
|   3|0x0000000721200000, 0x0000000721200000, 0x0000000721400000|  0%| F|  |TAMS 0x0000000721200000, 0x0000000721200000| Untracked 
|   4|0x0000000721400000, 0x0000000721400000, 0x0000000721600000|  0%| F|  |TAMS 0x0000000721400000, 0x0000000721400000| Untracked 
|   5|0x0000000721600000, 0x0000000721600000, 0x0000000721800000|  0%| F|  |TAMS 0x0000000721600000, 0x0000000721600000| Untracked 
|   6|0x0000000721800000, 0x0000000721800000, 0x0000000721a00000|  0%| F|  |TAMS 0x0000000721800000, 0x0000000721800000| Untracked 
|   7|0x0000000721a00000, 0x0000000721a00000, 0x0000000721c00000|  0%| F|  |TAMS 0x0000000721a00000, 0x0000000721a00000| Untracked 
|   8|0x0000000721c00000, 0x0000000721c00000, 0x0000000721e00000|  0%| F|  |TAMS 0x0000000721c00000, 0x0000000721c00000| Untracked 
|   9|0x0000000721e00000, 0x0000000721e00000, 0x0000000722000000|  0%| F|  |TAMS 0x0000000721e00000, 0x0000000721e00000| Untracked 
|  10|0x0000000722000000, 0x0000000722000000, 0x0000000722200000|  0%| F|  |TAMS 0x0000000722000000, 0x0000000722000000| Untracked 
|  11|0x0000000722200000, 0x0000000722200000, 0x0000000722400000|  0%| F|  |TAMS 0x0000000722200000, 0x0000000722200000| Untracked 
|  12|0x0000000722400000, 0x0000000722400000, 0x0000000722600000|  0%| F|  |TAMS 0x0000000722400000, 0x0000000722400000| Untracked 
|  13|0x0000000722600000, 0x0000000722600000, 0x0000000722800000|  0%| F|  |TAMS 0x0000000722600000, 0x0000000722600000| Untracked 
|  14|0x0000000722800000, 0x0000000722800000, 0x0000000722a00000|  0%| F|  |TAMS 0x0000000722800000, 0x0000000722800000| Untracked 
|  15|0x0000000722a00000, 0x0000000722a00000, 0x0000000722c00000|  0%| F|  |TAMS 0x0000000722a00000, 0x0000000722a00000| Untracked 
|  16|0x0000000722c00000, 0x0000000722c00000, 0x0000000722e00000|  0%| F|  |TAMS 0x0000000722c00000, 0x0000000722c00000| Untracked 
|  17|0x0000000722e00000, 0x0000000722e00000, 0x0000000723000000|  0%| F|  |TAMS 0x0000000722e00000, 0x0000000722e00000| Untracked 
|  18|0x0000000723000000, 0x0000000723000000, 0x0000000723200000|  0%| F|  |TAMS 0x0000000723000000, 0x0000000723000000| Untracked 
|  19|0x0000000723200000, 0x0000000723200000, 0x0000000723400000|  0%| F|  |TAMS 0x0000000723200000, 0x0000000723200000| Untracked 
|  20|0x0000000723400000, 0x0000000723400000, 0x0000000723600000|  0%| F|  |TAMS 0x0000000723400000, 0x0000000723400000| Untracked 
|  21|0x0000000723600000, 0x0000000723600000, 0x0000000723800000|  0%| F|  |TAMS 0x0000000723600000, 0x0000000723600000| Untracked 
|  22|0x0000000723800000, 0x0000000723800000, 0x0000000723a00000|  0%| F|  |TAMS 0x0000000723800000, 0x0000000723800000| Untracked 
|  23|0x0000000723a00000, 0x0000000723a00000, 0x0000000723c00000|  0%| F|  |TAMS 0x0000000723a00000, 0x0000000723a00000| Untracked 
|  24|0x0000000723c00000, 0x0000000723c00000, 0x0000000723e00000|  0%| F|  |TAMS 0x0000000723c00000, 0x0000000723c00000| Untracked 
|  25|0x0000000723e00000, 0x0000000723e00000, 0x0000000724000000|  0%| F|  |TAMS 0x0000000723e00000, 0x0000000723e00000| Untracked 
|  26|0x0000000724000000, 0x0000000724000000, 0x0000000724200000|  0%| F|  |TAMS 0x0000000724000000, 0x0000000724000000| Untracked 
|  27|0x0000000724200000, 0x0000000724200000, 0x0000000724400000|  0%| F|  |TAMS 0x0000000724200000, 0x0000000724200000| Untracked 
|  28|0x0000000724400000, 0x0000000724400000, 0x0000000724600000|  0%| F|  |TAMS 0x0000000724400000, 0x0000000724400000| Untracked 
|  29|0x0000000724600000, 0x0000000724600000, 0x0000000724800000|  0%| F|  |TAMS 0x0000000724600000, 0x0000000724600000| Untracked 
|  30|0x0000000724800000, 0x0000000724800000, 0x0000000724a00000|  0%| F|  |TAMS 0x0000000724800000, 0x0000000724800000| Untracked 
|  31|0x0000000724a00000, 0x0000000724a00000, 0x0000000724c00000|  0%| F|  |TAMS 0x0000000724a00000, 0x0000000724a00000| Untracked 
|  32|0x0000000724c00000, 0x0000000724c00000, 0x0000000724e00000|  0%| F|  |TAMS 0x0000000724c00000, 0x0000000724c00000| Untracked 
|  33|0x0000000724e00000, 0x0000000724e00000, 0x0000000725000000|  0%| F|  |TAMS 0x0000000724e00000, 0x0000000724e00000| Untracked 
|  34|0x0000000725000000, 0x0000000725000000, 0x0000000725200000|  0%| F|  |TAMS 0x0000000725000000, 0x0000000725000000| Untracked 
|  35|0x0000000725200000, 0x0000000725200000, 0x0000000725400000|  0%| F|  |TAMS 0x0000000725200000, 0x0000000725200000| Untracked 
|  36|0x0000000725400000, 0x0000000725400000, 0x0000000725600000|  0%| F|  |TAMS 0x0000000725400000, 0x0000000725400000| Untracked 
|  37|0x0000000725600000, 0x0000000725600000, 0x0000000725800000|  0%| F|  |TAMS 0x0000000725600000, 0x0000000725600000| Untracked 
|  38|0x0000000725800000, 0x0000000725800000, 0x0000000725a00000|  0%| F|  |TAMS 0x0000000725800000, 0x0000000725800000| Untracked 
|  39|0x0000000725a00000, 0x0000000725a00000, 0x0000000725c00000|  0%| F|  |TAMS 0x0000000725a00000, 0x0000000725a00000| Untracked 
|  40|0x0000000725c00000, 0x0000000725c00000, 0x0000000725e00000|  0%| F|  |TAMS 0x0000000725c00000, 0x0000000725c00000| Untracked 
|  41|0x0000000725e00000, 0x0000000725e00000, 0x0000000726000000|  0%| F|  |TAMS 0x0000000725e00000, 0x0000000725e00000| Untracked 
|  42|0x0000000726000000, 0x0000000726000000, 0x0000000726200000|  0%| F|  |TAMS 0x0000000726000000, 0x0000000726000000| Untracked 
|  43|0x0000000726200000, 0x0000000726200000, 0x0000000726400000|  0%| F|  |TAMS 0x0000000726200000, 0x0000000726200000| Untracked 
|  44|0x0000000726400000, 0x0000000726600000, 0x0000000726600000|100%|HS|  |TAMS 0x0000000726400000, 0x0000000726600000| Complete 
|  45|0x0000000726600000, 0x0000000726800000, 0x0000000726800000|100%|HC|  |TAMS 0x0000000726600000, 0x0000000726800000| Complete 
|  46|0x0000000726800000, 0x0000000726800000, 0x0000000726a00000|  0%| F|  |TAMS 0x0000000726800000, 0x0000000726800000| Untracked 
|  47|0x0000000726a00000, 0x0000000726a00000, 0x0000000726c00000|  0%| F|  |TAMS 0x0000000726a00000, 0x0000000726a00000| Untracked 
|  48|0x0000000726c00000, 0x0000000726e00000, 0x0000000726e00000|100%|HS|  |TAMS 0x0000000726c00000, 0x0000000726e00000| Complete 
|  49|0x0000000726e00000, 0x0000000727000000, 0x0000000727000000|100%|HC|  |TAMS 0x0000000726e00000, 0x0000000727000000| Complete 
|  50|0x0000000727000000, 0x0000000727000000, 0x0000000727200000|  0%| F|  |TAMS 0x0000000727000000, 0x0000000727000000| Untracked 
|  51|0x0000000727200000, 0x0000000727200000, 0x0000000727400000|  0%| F|  |TAMS 0x0000000727200000, 0x0000000727200000| Untracked 
|  52|0x0000000727400000, 0x0000000727400000, 0x0000000727600000|  0%| F|  |TAMS 0x0000000727400000, 0x0000000727400000| Untracked 
|  53|0x0000000727600000, 0x0000000727600000, 0x0000000727800000|  0%| F|  |TAMS 0x0000000727600000, 0x0000000727600000| Untracked 
|  54|0x0000000727800000, 0x0000000727800000, 0x0000000727a00000|  0%| F|  |TAMS 0x0000000727800000, 0x0000000727800000| Untracked 
|  55|0x0000000727a00000, 0x0000000727a00000, 0x0000000727c00000|  0%| F|  |TAMS 0x0000000727a00000, 0x0000000727a00000| Untracked 
|  56|0x0000000727c00000, 0x0000000727c00000, 0x0000000727e00000|  0%| F|  |TAMS 0x0000000727c00000, 0x0000000727c00000| Untracked 
|  57|0x0000000727e00000, 0x0000000727e00000, 0x0000000728000000|  0%| F|  |TAMS 0x0000000727e00000, 0x0000000727e00000| Untracked 
|  58|0x0000000728000000, 0x0000000728000000, 0x0000000728200000|  0%| F|  |TAMS 0x0000000728000000, 0x0000000728000000| Untracked 
|  59|0x0000000728200000, 0x0000000728200000, 0x0000000728400000|  0%| F|  |TAMS 0x0000000728200000, 0x0000000728200000| Untracked 
|  60|0x0000000728400000, 0x0000000728400000, 0x0000000728600000|  0%| F|  |TAMS 0x0000000728400000, 0x0000000728400000| Untracked 
|  61|0x0000000728600000, 0x0000000728600000, 0x0000000728800000|  0%| F|  |TAMS 0x0000000728600000, 0x0000000728600000| Untracked 
|  62|0x0000000728800000, 0x0000000728800000, 0x0000000728a00000|  0%| F|  |TAMS 0x0000000728800000, 0x0000000728800000| Untracked 
|  63|0x0000000728a00000, 0x0000000728a00000, 0x0000000728c00000|  0%| F|  |TAMS 0x0000000728a00000, 0x0000000728a00000| Untracked 
|  64|0x0000000728c00000, 0x0000000728c00000, 0x0000000728e00000|  0%| F|  |TAMS 0x0000000728c00000, 0x0000000728c00000| Untracked 
|  65|0x0000000728e00000, 0x0000000728e00000, 0x0000000729000000|  0%| F|  |TAMS 0x0000000728e00000, 0x0000000728e00000| Untracked 
|  66|0x0000000729000000, 0x0000000729000000, 0x0000000729200000|  0%| F|  |TAMS 0x0000000729000000, 0x0000000729000000| Untracked 
|  67|0x0000000729200000, 0x0000000729200000, 0x0000000729400000|  0%| F|  |TAMS 0x0000000729200000, 0x0000000729200000| Untracked 
|  68|0x0000000729400000, 0x0000000729400000, 0x0000000729600000|  0%| F|  |TAMS 0x0000000729400000, 0x0000000729400000| Untracked 
|  69|0x0000000729600000, 0x0000000729600000, 0x0000000729800000|  0%| F|  |TAMS 0x0000000729600000, 0x0000000729600000| Untracked 
|  70|0x0000000729800000, 0x0000000729800000, 0x0000000729a00000|  0%| F|  |TAMS 0x0000000729800000, 0x0000000729800000| Untracked 
|  71|0x0000000729a00000, 0x0000000729a00000, 0x0000000729c00000|  0%| F|  |TAMS 0x0000000729a00000, 0x0000000729a00000| Untracked 
|  72|0x0000000729c00000, 0x0000000729c00000, 0x0000000729e00000|  0%| F|  |TAMS 0x0000000729c00000, 0x0000000729c00000| Untracked 
|  73|0x0000000729e00000, 0x0000000729e00000, 0x000000072a000000|  0%| F|  |TAMS 0x0000000729e00000, 0x0000000729e00000| Untracked 
|  74|0x000000072a000000, 0x000000072a000000, 0x000000072a200000|  0%| F|  |TAMS 0x000000072a000000, 0x000000072a000000| Untracked 
|  75|0x000000072a200000, 0x000000072a200000, 0x000000072a400000|  0%| F|  |TAMS 0x000000072a200000, 0x000000072a200000| Untracked 
|  76|0x000000072a400000, 0x000000072a400000, 0x000000072a600000|  0%| F|  |TAMS 0x000000072a400000, 0x000000072a400000| Untracked 
|  77|0x000000072a600000, 0x000000072a600000, 0x000000072a800000|  0%| F|  |TAMS 0x000000072a600000, 0x000000072a600000| Untracked 
|  78|0x000000072a800000, 0x000000072a800000, 0x000000072aa00000|  0%| F|  |TAMS 0x000000072a800000, 0x000000072a800000| Untracked 
|  79|0x000000072aa00000, 0x000000072aa00000, 0x000000072ac00000|  0%| F|  |TAMS 0x000000072aa00000, 0x000000072aa00000| Untracked 
|  80|0x000000072ac00000, 0x000000072ac00000, 0x000000072ae00000|  0%| F|  |TAMS 0x000000072ac00000, 0x000000072ac00000| Untracked 
|  81|0x000000072ae00000, 0x000000072ae00000, 0x000000072b000000|  0%| F|  |TAMS 0x000000072ae00000, 0x000000072ae00000| Untracked 
|  82|0x000000072b000000, 0x000000072b000000, 0x000000072b200000|  0%| F|  |TAMS 0x000000072b000000, 0x000000072b000000| Untracked 
|  83|0x000000072b200000, 0x000000072b200000, 0x000000072b400000|  0%| F|  |TAMS 0x000000072b200000, 0x000000072b200000| Untracked 
|  84|0x000000072b400000, 0x000000072b400000, 0x000000072b600000|  0%| F|  |TAMS 0x000000072b400000, 0x000000072b400000| Untracked 
|  85|0x000000072b600000, 0x000000072b600000, 0x000000072b800000|  0%| F|  |TAMS 0x000000072b600000, 0x000000072b600000| Untracked 
|  86|0x000000072b800000, 0x000000072b800000, 0x000000072ba00000|  0%| F|  |TAMS 0x000000072b800000, 0x000000072b800000| Untracked 
|  87|0x000000072ba00000, 0x000000072ba00000, 0x000000072bc00000|  0%| F|  |TAMS 0x000000072ba00000, 0x000000072ba00000| Untracked 
|  88|0x000000072bc00000, 0x000000072bc00000, 0x000000072be00000|  0%| F|  |TAMS 0x000000072bc00000, 0x000000072bc00000| Untracked 
|  89|0x000000072be00000, 0x000000072be00000, 0x000000072c000000|  0%| F|  |TAMS 0x000000072be00000, 0x000000072be00000| Untracked 
|  90|0x000000072c000000, 0x000000072c000000, 0x000000072c200000|  0%| F|  |TAMS 0x000000072c000000, 0x000000072c000000| Untracked 
|  91|0x000000072c200000, 0x000000072c200000, 0x000000072c400000|  0%| F|  |TAMS 0x000000072c200000, 0x000000072c200000| Untracked 
|  92|0x000000072c400000, 0x000000072c400000, 0x000000072c600000|  0%| F|  |TAMS 0x000000072c400000, 0x000000072c400000| Untracked 
|  93|0x000000072c600000, 0x000000072c600000, 0x000000072c800000|  0%| F|  |TAMS 0x000000072c600000, 0x000000072c600000| Untracked 
|  94|0x000000072c800000, 0x000000072c800000, 0x000000072ca00000|  0%| F|  |TAMS 0x000000072c800000, 0x000000072c800000| Untracked 
|  95|0x000000072ca00000, 0x000000072ca00000, 0x000000072cc00000|  0%| F|  |TAMS 0x000000072ca00000, 0x000000072ca00000| Untracked 
|  96|0x000000072cc00000, 0x000000072cc00000, 0x000000072ce00000|  0%| F|  |TAMS 0x000000072cc00000, 0x000000072cc00000| Untracked 
|  97|0x000000072ce00000, 0x000000072ce00000, 0x000000072d000000|  0%| F|  |TAMS 0x000000072ce00000, 0x000000072ce00000| Untracked 
|  98|0x000000072d000000, 0x000000072d000000, 0x000000072d200000|  0%| F|  |TAMS 0x000000072d000000, 0x000000072d000000| Untracked 
|  99|0x000000072d200000, 0x000000072d200000, 0x000000072d400000|  0%| F|  |TAMS 0x000000072d200000, 0x000000072d200000| Untracked 
| 100|0x000000072d400000, 0x000000072d400000, 0x000000072d600000|  0%| F|  |TAMS 0x000000072d400000, 0x000000072d400000| Untracked 
| 101|0x000000072d600000, 0x000000072d600000, 0x000000072d800000|  0%| F|  |TAMS 0x000000072d600000, 0x000000072d600000| Untracked 
| 102|0x000000072d800000, 0x000000072d800000, 0x000000072da00000|  0%| F|  |TAMS 0x000000072d800000, 0x000000072d800000| Untracked 
| 103|0x000000072da00000, 0x000000072da00000, 0x000000072dc00000|  0%| F|  |TAMS 0x000000072da00000, 0x000000072da00000| Untracked 
| 104|0x000000072dc00000, 0x000000072dc00000, 0x000000072de00000|  0%| F|  |TAMS 0x000000072dc00000, 0x000000072dc00000| Untracked 
| 105|0x000000072de00000, 0x000000072de00000, 0x000000072e000000|  0%| F|  |TAMS 0x000000072de00000, 0x000000072de00000| Untracked 
| 106|0x000000072e000000, 0x000000072e000000, 0x000000072e200000|  0%| F|  |TAMS 0x000000072e000000, 0x000000072e000000| Untracked 
| 107|0x000000072e200000, 0x000000072e200000, 0x000000072e400000|  0%| F|  |TAMS 0x000000072e200000, 0x000000072e200000| Untracked 
| 108|0x000000072e400000, 0x000000072e400000, 0x000000072e600000|  0%| F|  |TAMS 0x000000072e400000, 0x000000072e400000| Untracked 
| 109|0x000000072e600000, 0x000000072e600000, 0x000000072e800000|  0%| F|  |TAMS 0x000000072e600000, 0x000000072e600000| Untracked 
| 110|0x000000072e800000, 0x000000072e9b7ec0, 0x000000072ea00000| 85%| S|CS|TAMS 0x000000072e800000, 0x000000072e800000| Complete 
| 111|0x000000072ea00000, 0x000000072ea00000, 0x000000072ec00000|  0%| F|  |TAMS 0x000000072ea00000, 0x000000072ea00000| Untracked 

Card table byte_map: [0x00000176ce5b0000,0x00000176cecb0000] _byte_map_base: 0x00000176cacaa000

Marking Bits (Prev, Next): (CMBitMap*) 0x00000176b6c7e540, (CMBitMap*) 0x00000176b6c7e580
 Prev Bits: [0x00000176cf3b0000, 0x00000176d2b80000)
 Next Bits: [0x00000176d2b80000, 0x00000176d6350000)

Polling page: 0x00000176b4bd0000

Metaspace:

Usage:
  Non-class:      5.68 MB used.
      Class:    710.20 KB used.
       Both:      6.37 MB used.

Virtual space:
  Non-class space:       64.00 MB reserved,       5.81 MB (  9%) committed,  1 nodes.
      Class space:        1.00 GB reserved,     832.00 KB ( <1%) committed,  1 nodes.
             Both:        1.06 GB reserved,       6.62 MB ( <1%) committed. 

Chunk freelists:
   Non-Class:  2.10 MB
       Class:  3.23 MB
        Both:  5.33 MB

MaxMetaspaceSize: unlimited
CompressedClassSpaceSize: 1.00 GB
Initial GC threshold: 21.00 MB
Current GC threshold: 21.00 MB
CDS: on
MetaspaceReclaimPolicy: balanced
 - commit_granule_bytes: 65536.
 - commit_granule_words: 8192.
 - virtual_space_node_default_size: 8388608.
 - enlarge_chunks_in_place: 1.
 - new_chunks_are_fully_committed: 0.
 - uncommit_free_chunks: 1.
 - use_allocation_guard: 0.


Internal statistics:

num_allocs_failed_limit: 0.
num_arena_births: 152.
num_arena_deaths: 0.
num_vsnodes_births: 2.
num_vsnodes_deaths: 0.
num_space_committed: 106.
num_space_uncommitted: 0.
num_chunks_returned_to_freelist: 0.
num_chunks_taken_from_freelist: 160.
num_chunk_merges: 0.
num_chunk_splits: 114.
num_chunks_enlarged: 74.
num_inconsistent_stats: 0.

CodeHeap 'non-profiled nmethods': size=120000Kb used=216Kb max_used=216Kb free=119783Kb
 bounds [0x00000176c6650000, 0x00000176c68c0000, 0x00000176cdb80000]
CodeHeap 'profiled nmethods': size=120000Kb used=980Kb max_used=980Kb free=119019Kb
 bounds [0x00000176beb80000, 0x00000176bedf0000, 0x00000176c60b0000]
CodeHeap 'non-nmethods': size=5760Kb used=1341Kb max_used=1355Kb free=4418Kb
 bounds [0x00000176c60b0000, 0x00000176c6320000, 0x00000176c6650000]
 total_blobs=1317 nmethods=737 adapters=491
 compilation: enabled
              stopped_count=0, restarted_count=0
 full_count=0

Compilation events (20 events):
Event: 0.530 Thread 0x00000176d8dbff10  728       1       java.awt.image.ColorModel::getTransparency (5 bytes)
Event: 0.530 Thread 0x00000176d8dbff10 nmethod 728 0x00000176c6685610 code [0x00000176c66857a0, 0x00000176c6685858]
Event: 0.532 Thread 0x00000176d8dbff10  729       1       sun.java2d.loops.RenderCache$Entry::getValue (5 bytes)
Event: 0.532 Thread 0x00000176d8dbff10 nmethod 729 0x00000176c6685910 code [0x00000176c6685aa0, 0x00000176c6685b78]
Event: 0.532 Thread 0x00000176d8dbff10  730       3       java.lang.ref.WeakReference::<init> (6 bytes)
Event: 0.533 Thread 0x00000176d8dbff10 nmethod 730 0x00000176bec72310 code [0x00000176bec724c0, 0x00000176bec727d8]
Event: 0.535 Thread 0x00000176d8dbff10  731       1       java.awt.Component::getObjectLock (5 bytes)
Event: 0.535 Thread 0x00000176d8dbff10 nmethod 731 0x00000176c6685c10 code [0x00000176c6685da0, 0x00000176c6685e78]
Event: 0.536 Thread 0x00000176d8d9f980  732       4       java.util.concurrent.locks.AbstractQueuedSynchronizer::compareAndSetState (13 bytes)
Event: 0.536 Thread 0x00000176d8d9f980 nmethod 732 0x00000176c6685f10 code [0x00000176c6686080, 0x00000176c6686118]
Event: 0.546 Thread 0x00000176d8dbff10  733       3       java.util.IdentityHashMap$IdentityHashMapIterator::<init> (63 bytes)
Event: 0.546 Thread 0x00000176d8dbff10 nmethod 733 0x00000176bec72910 code [0x00000176bec72ac0, 0x00000176bec72d98]
Event: 0.548 Thread 0x00000176d8dbff10  734       3       java.util.concurrent.ConcurrentHashMap::put (8 bytes)
Event: 0.549 Thread 0x00000176d8dbff10 nmethod 734 0x00000176bec72f10 code [0x00000176bec730c0, 0x00000176bec73208]
Event: 0.551 Thread 0x00000176d8dbff10  735   !   3       java.lang.ref.ReferenceQueue::enqueue (32 bytes)
Event: 0.552 Thread 0x00000176d8dbff10 nmethod 735 0x00000176bec73290 code [0x00000176bec734c0, 0x00000176bec73e48]
Event: 0.552 Thread 0x00000176d8dbff10  737       3       java.lang.ref.ReferenceQueue::poll0 (65 bytes)
Event: 0.552 Thread 0x00000176d8dbff10 nmethod 737 0x00000176bec74190 code [0x00000176bec74360, 0x00000176bec748b8]
Event: 0.552 Thread 0x00000176d8dbff10  736       3       java.lang.ref.ReferenceQueue::signal (10 bytes)
Event: 0.552 Thread 0x00000176d8dbff10 nmethod 736 0x00000176bec74990 code [0x00000176bec74b80, 0x00000176bec74fa8]

GC Heap History (11 events):
Event: 0.423 GC heap before
{Heap before GC invocations=0 (full 0):
 garbage-first heap   total 229376K, used 108544K [0x0000000720c00000, 0x0000000800000000)
  region size 2048K, 4 young (8192K), 0 survivors (0K)
 Metaspace       used 6488K, committed 6720K, reserved 1114112K
  class space    used 709K, committed 832K, reserved 1048576K
}
Event: 0.427 GC heap after
{Heap after GC invocations=1 (full 0):
 garbage-first heap   total 229376K, used 104357K [0x0000000720c00000, 0x0000000800000000)
  region size 2048K, 1 young (2048K), 1 survivors (2048K)
 Metaspace       used 6488K, committed 6720K, reserved 1114112K
  class space    used 709K, committed 832K, reserved 1048576K
}
Event: 0.433 GC heap before
{Heap before GC invocations=1 (full 0):
 garbage-first heap   total 229376K, used 108453K [0x0000000720c00000, 0x0000000800000000)
  region size 2048K, 2 young (4096K), 1 survivors (2048K)
 Metaspace       used 6493K, committed 6720K, reserved 1114112K
  class space    used 710K, committed 832K, reserved 1048576K
}
Event: 0.435 GC heap after
{Heap after GC invocations=2 (full 0):
 garbage-first heap   total 229376K, used 10011K [0x0000000720c00000, 0x0000000800000000)
  region size 2048K, 1 young (2048K), 1 survivors (2048K)
 Metaspace       used 6493K, committed 6720K, reserved 1114112K
  class space    used 710K, committed 832K, reserved 1048576K
}
Event: 0.486 GC heap before
{Heap before GC invocations=2 (full 0):
 garbage-first heap   total 229376K, used 104219K [0x0000000720c00000, 0x0000000800000000)
  region size 2048K, 2 young (4096K), 1 survivors (2048K)
 Metaspace       used 6505K, committed 6720K, reserved 1114112K
  class space    used 710K, committed 832K, reserved 1048576K
}
Event: 0.488 GC heap after
{Heap after GC invocations=3 (full 0):
 garbage-first heap   total 229376K, used 100130K [0x0000000720c00000, 0x0000000800000000)
  region size 2048K, 1 young (2048K), 1 survivors (2048K)
 Metaspace       used 6505K, committed 6720K, reserved 1114112K
  class space    used 710K, committed 832K, reserved 1048576K
}
Event: 0.492 GC heap before
{Heap before GC invocations=3 (full 0):
 garbage-first heap   total 229376K, used 104226K [0x0000000720c00000, 0x0000000800000000)
  region size 2048K, 2 young (4096K), 1 survivors (2048K)
 Metaspace       used 6505K, committed 6720K, reserved 1114112K
  class space    used 710K, committed 832K, reserved 1048576K
}
Event: 0.496 GC heap after
{Heap after GC invocations=4 (full 0):
 garbage-first heap   total 229376K, used 10021K [0x0000000720c00000, 0x0000000800000000)
  region size 2048K, 1 young (2048K), 1 survivors (2048K)
 Metaspace       used 6505K, committed 6720K, reserved 1114112K
  class space    used 710K, committed 832K, reserved 1048576K
}
Event: 0.549 GC heap before
{Heap before GC invocations=4 (full 0):
 garbage-first heap   total 229376K, used 106277K [0x0000000720c00000, 0x0000000800000000)
  region size 2048K, 3 young (6144K), 1 survivors (2048K)
 Metaspace       used 6522K, committed 6784K, reserved 1114112K
  class space    used 710K, committed 832K, reserved 1048576K
}
Event: 0.551 GC heap after
{Heap after GC invocations=5 (full 0):
 garbage-first heap   total 229376K, used 100072K [0x0000000720c00000, 0x0000000800000000)
  region size 2048K, 1 young (2048K), 1 survivors (2048K)
 Metaspace       used 6522K, committed 6784K, reserved 1114112K
  class space    used 710K, committed 832K, reserved 1048576K
}
Event: 0.553 GC heap before
{Heap before GC invocations=5 (full 0):
 garbage-first heap   total 229376K, used 104168K [0x0000000720c00000, 0x0000000800000000)
  region size 2048K, 2 young (4096K), 1 survivors (2048K)
 Metaspace       used 6523K, committed 6784K, reserved 1114112K
  class space    used 710K, committed 832K, reserved 1048576K
}

Dll operation events (9 events):
Event: 0.008 Loaded shared library C:\Program Files\Java\jdk-19\bin\java.dll
Event: 0.017 Loaded shared library C:\Program Files\Java\jdk-19\bin\jsvml.dll
Event: 0.058 Loaded shared library C:\Program Files\Java\jdk-19\bin\net.dll
Event: 0.060 Loaded shared library C:\Program Files\Java\jdk-19\bin\nio.dll
Event: 0.113 Loaded shared library C:\Program Files\Java\jdk-19\bin\jimage.dll
Event: 0.129 Loaded shared library C:\Program Files\Java\jdk-19\bin\awt.dll
Event: 0.268 Loaded shared library C:\Program Files\Java\jdk-19\bin\freetype.dll
Event: 0.269 Loaded shared library C:\Program Files\Java\jdk-19\bin\fontmanager.dll
Event: 0.327 Loaded shared library C:\Program Files\Java\jdk-19\bin\zip.dll

Deoptimization events (20 events):
Event: 0.101 Thread 0x00000176b6c16b60 Uncommon trap: trap_request=0xffffff45 fr.pc=0x00000176c66590c8 relative=0x00000000000000a8
Event: 0.101 Thread 0x00000176b6c16b60 Uncommon trap: reason=unstable_if action=reinterpret pc=0x00000176c66590c8 method=java.lang.String.isLatin1()Z @ 10 c2
Event: 0.101 Thread 0x00000176b6c16b60 DEOPT PACKING pc=0x00000176c66590c8 sp=0x000000161b8feed0
Event: 0.101 Thread 0x00000176b6c16b60 DEOPT UNPACKING pc=0x00000176c6116da3 sp=0x000000161b8fee10 mode 2
Event: 0.239 Thread 0x00000176b6c16b60 Uncommon trap: trap_request=0xffffffc6 fr.pc=0x00000176c665d2c4 relative=0x0000000000000b24
Event: 0.239 Thread 0x00000176b6c16b60 Uncommon trap: reason=bimorphic_or_optimized_type_check action=maybe_recompile pc=0x00000176c665d2c4 method=java.util.HashMap.putVal(ILjava/lang/Object;Ljava/lang/Object;ZZ)Ljava/lang/Object; @ 56 c2
Event: 0.239 Thread 0x00000176b6c16b60 DEOPT PACKING pc=0x00000176c665d2c4 sp=0x000000161b8feb40
Event: 0.239 Thread 0x00000176b6c16b60 DEOPT UNPACKING pc=0x00000176c6116da3 sp=0x000000161b8fead8 mode 2
Event: 0.239 Thread 0x00000176b6c16b60 Uncommon trap: trap_request=0xffffffc6 fr.pc=0x00000176c665d2c4 relative=0x0000000000000b24
Event: 0.239 Thread 0x00000176b6c16b60 Uncommon trap: reason=bimorphic_or_optimized_type_check action=maybe_recompile pc=0x00000176c665d2c4 method=java.util.HashMap.putVal(ILjava/lang/Object;Ljava/lang/Object;ZZ)Ljava/lang/Object; @ 56 c2
Event: 0.239 Thread 0x00000176b6c16b60 DEOPT PACKING pc=0x00000176c665d2c4 sp=0x000000161b8feb40
Event: 0.239 Thread 0x00000176b6c16b60 DEOPT UNPACKING pc=0x00000176c6116da3 sp=0x000000161b8fead8 mode 2
Event: 0.239 Thread 0x00000176b6c16b60 Uncommon trap: trap_request=0xffffffc6 fr.pc=0x00000176c665d2c4 relative=0x0000000000000b24
Event: 0.239 Thread 0x00000176b6c16b60 Uncommon trap: reason=bimorphic_or_optimized_type_check action=maybe_recompile pc=0x00000176c665d2c4 method=java.util.HashMap.putVal(ILjava/lang/Object;Ljava/lang/Object;ZZ)Ljava/lang/Object; @ 56 c2
Event: 0.239 Thread 0x00000176b6c16b60 DEOPT PACKING pc=0x00000176c665d2c4 sp=0x000000161b8feb40
Event: 0.239 Thread 0x00000176b6c16b60 DEOPT UNPACKING pc=0x00000176c6116da3 sp=0x000000161b8fead8 mode 2
Event: 0.239 Thread 0x00000176b6c16b60 Uncommon trap: trap_request=0xffffffc6 fr.pc=0x00000176c665d2c4 relative=0x0000000000000b24
Event: 0.239 Thread 0x00000176b6c16b60 Uncommon trap: reason=bimorphic_or_optimized_type_check action=maybe_recompile pc=0x00000176c665d2c4 method=java.util.HashMap.putVal(ILjava/lang/Object;Ljava/lang/Object;ZZ)Ljava/lang/Object; @ 56 c2
Event: 0.239 Thread 0x00000176b6c16b60 DEOPT PACKING pc=0x00000176c665d2c4 sp=0x000000161b8feb40
Event: 0.239 Thread 0x00000176b6c16b60 DEOPT UNPACKING pc=0x00000176c6116da3 sp=0x000000161b8fead8 mode 2

Classes loaded (20 events):
Event: 0.338 Loading class javax/swing/text/JTextComponent
Event: 0.338 Loading class javax/swing/Scrollable
Event: 0.338 Loading class javax/swing/Scrollable done
Event: 0.338 Loading class javax/swing/text/JTextComponent done
Event: 0.339 Loading class java/awt/Container$MouseEventTargetFilter
Event: 0.339 Loading class java/awt/Container$EventTargetFilter
Event: 0.339 Loading class java/awt/Container$EventTargetFilter done
Event: 0.339 Loading class java/awt/Container$MouseEventTargetFilter done
Event: 0.339 Loading class java/awt/LightweightDispatcher$1
Event: 0.339 Loading class java/awt/LightweightDispatcher$1 done
Event: 0.339 Loading class java/awt/event/AWTEventListenerProxy
Event: 0.339 Loading class java/awt/event/AWTEventListenerProxy done
Event: 0.339 Loading class java/awt/Toolkit$SelectiveAWTEventListener
Event: 0.339 Loading class java/awt/Toolkit$SelectiveAWTEventListener done
Event: 0.339 Loading class java/awt/Toolkit$ToolkitEventMulticaster
Event: 0.339 Loading class java/awt/Toolkit$ToolkitEventMulticaster done
Event: 0.339 Loading class java/awt/event/MouseWheelEvent
Event: 0.339 Loading class java/awt/event/MouseWheelEvent done
Event: 0.427 Loading class java/util/concurrent/locks/AbstractQueuedSynchronizer$ExclusiveNode
Event: 0.427 Loading class java/util/concurrent/locks/AbstractQueuedSynchronizer$ExclusiveNode done

Classes unloaded (0 events):
No events

Classes redefined (0 events):
No events

Internal exceptions (15 events):
Event: 0.074 Thread 0x00000176b6c16b60 Exception <a 'java/lang/NoSuchMethodError'{0x000000072eb8b560}: 'void java.lang.invoke.DirectMethodHandle$Holder.invokeVirtual(java.lang.Object, java.lang.Object)'> (0x000000072eb8b560) 
thrown [s\open\src\hotspot\share\interpreter\linkResolver.cpp, line 774]
Event: 0.116 Thread 0x00000176b6c16b60 Exception <a 'sun/nio/fs/WindowsException'{0x000000072e8d0420}> (0x000000072e8d0420) 
thrown [s\open\src\hotspot\share\prims\jni.cpp, line 517]
Event: 0.119 Thread 0x00000176b6c16b60 Exception <a 'java/lang/ClassNotFoundException'{0x000000072e8d62e8}: sun/awt/resources/spi/awtProvider> (0x000000072e8d62e8) 
thrown [s\open\src\hotspot\share\classfile\systemDictionary.cpp, line 255]
Event: 0.138 Thread 0x00000176b6c16b60 Exception <a 'java/io/FileNotFoundException'{0x000000072e92d1e8}> (0x000000072e92d1e8) 
thrown [s\open\src\hotspot\share\prims\jni.cpp, line 517]
Event: 0.144 Thread 0x00000176b6c16b60 Exception <a 'java/io/FileNotFoundException'{0x000000072e9599c8}> (0x000000072e9599c8) 
thrown [s\open\src\hotspot\share\prims\jni.cpp, line 517]
Event: 0.175 Thread 0x00000176b6c16b60 Exception <a 'java/lang/NoSuchMethodError'{0x000000072e99e4a8}: 'java.lang.Object java.lang.invoke.DirectMethodHandle$Holder.invokeStaticInit(java.lang.Object)'> (0x000000072e99e4a8) 
thrown [s\open\src\hotspot\share\interpreter\linkResolver.cpp, line 774]
Event: 0.208 Thread 0x00000176b6c16b60 Exception <a 'java/lang/NoSuchMethodError'{0x000000072e6a0ed0}: 'void java.lang.invoke.DirectMethodHandle$Holder.invokeSpecial(java.lang.Object, java.lang.Object, java.lang.Object)'> (0x000000072e6a0ed0) 
thrown [s\open\src\hotspot\share\interpreter\linkResolver.cpp, line 774]
Event: 0.215 Thread 0x00000176b6c16b60 Exception <a 'java/lang/NoSuchMethodError'{0x000000072e6cbb70}: 'java.lang.Object java.lang.invoke.DirectMethodHandle$Holder.newInvokeSpecial(java.lang.Object, java.lang.Object, java.lang.Object, java.lang.Object, java.lang.Object)'> (0x000000072e6cbb70) 
thrown [s\open\src\hotspot\share\interpreter\linkResolver.cpp, line 774]
Event: 0.220 Thread 0x00000176b6c16b60 Exception <a 'java/lang/NoSuchMethodError'{0x000000072e6fd858}: 'java.lang.Object java.lang.invoke.DirectMethodHandle$Holder.invokeStatic(java.lang.Object, int, java.lang.Object)'> (0x000000072e6fd858) 
thrown [s\open\src\hotspot\share\interpreter\linkResolver.cpp, line 774]
Event: 0.238 Thread 0x00000176b6c16b60 Exception <a 'java/lang/ClassNotFoundException'{0x000000072e7b8fd0}: com/sun/swing/internal/plaf/metal/resources/spi/metalProvider> (0x000000072e7b8fd0) 
thrown [s\open\src\hotspot\share\classfile\systemDictionary.cpp, line 255]
Event: 0.239 Thread 0x00000176b6c16b60 Exception <a 'java/lang/ClassNotFoundException'{0x000000072e7bcfa0}: com/sun/swing/internal/plaf/basic/resources/spi/basicProvider> (0x000000072e7bcfa0) 
thrown [s\open\src\hotspot\share\classfile\systemDictionary.cpp, line 255]
Event: 0.247 Thread 0x00000176b6c16b60 Exception <a 'java/lang/NoSuchMethodError'{0x000000072e7dceb8}: 'int java.lang.invoke.Invokers$Holder.invokeExact_MT(java.lang.Object, java.lang.Object)'> (0x000000072e7dceb8) 
thrown [s\open\src\hotspot\share\interpreter\linkResolver.cpp, line 774]
Event: 0.264 Thread 0x00000176b6c16b60 Exception <a 'java/lang/NoSuchMethodError'{0x000000072e4751b0}: 'void java.lang.invoke.DirectMethodHandle$Holder.invokeStaticInit(java.lang.Object)'> (0x000000072e4751b0) 
thrown [s\open\src\hotspot\share\interpreter\linkResolver.cpp, line 774]
Event: 0.289 Thread 0x00000176b6c16b60 Exception <a 'sun/nio/fs/WindowsException'{0x000000072e4cd578}> (0x000000072e4cd578) 
thrown [s\open\src\hotspot\share\prims\jni.cpp, line 517]
Event: 0.330 Thread 0x00000176ddb73970 Exception <a 'java/lang/NoSuchMethodError'{0x000000072e4f3e08}: 'java.lang.Object java.lang.invoke.DirectMethodHandle$Holder.newInvokeSpecial(java.lang.Object, java.lang.Object, java.lang.Object, int, int, int, int, int)'> (0x000000072e4f3e08) 
thrown [s\open\src\hotspot\share\interpreter\linkResolver.cpp, line 774]

VM Operations (17 events):
Event: 0.087 Executing VM operation: HandshakeAllThreads
Event: 0.087 Executing VM operation: HandshakeAllThreads done
Event: 0.109 Executing VM operation: HandshakeAllThreads
Event: 0.109 Executing VM operation: HandshakeAllThreads done
Event: 0.149 Executing VM operation: HandshakeAllThreads
Event: 0.149 Executing VM operation: HandshakeAllThreads done
Event: 0.423 Executing VM operation: G1TryInitiateConcMark
Event: 0.427 Executing VM operation: G1TryInitiateConcMark done
Event: 0.433 Executing VM operation: G1TryInitiateConcMark
Event: 0.435 Executing VM operation: G1TryInitiateConcMark done
Event: 0.486 Executing VM operation: G1TryInitiateConcMark
Event: 0.488 Executing VM operation: G1TryInitiateConcMark done
Event: 0.492 Executing VM operation: G1TryInitiateConcMark
Event: 0.496 Executing VM operation: G1TryInitiateConcMark done
Event: 0.549 Executing VM operation: G1TryInitiateConcMark
Event: 0.551 Executing VM operation: G1TryInitiateConcMark done
Event: 0.553 Executing VM operation: G1TryInitiateConcMark

Events (19 events):
Event: 0.017 Thread 0x00000176b6c16b60 Thread added: 0x00000176b6c16b60
Event: 0.029 Thread 0x00000176d8d8c5e0 Thread added: 0x00000176d8d8c5e0
Event: 0.029 Thread 0x00000176d8d8db70 Thread added: 0x00000176d8d8db70
Event: 0.029 Thread 0x00000176d8d943e0 Thread added: 0x00000176d8d943e0
Event: 0.029 Thread 0x00000176d8d94f10 Thread added: 0x00000176d8d94f10
Event: 0.030 Thread 0x00000176d8d96120 Thread added: 0x00000176d8d96120
Event: 0.030 Thread 0x00000176d8d98610 Thread added: 0x00000176d8d98610
Event: 0.030 Thread 0x00000176d8d9f980 Thread added: 0x00000176d8d9f980
Event: 0.030 Thread 0x00000176d8dbff10 Thread added: 0x00000176d8dbff10
Event: 0.030 Thread 0x00000176d8dd2c60 Thread added: 0x00000176d8dd2c60
Event: 0.052 Thread 0x00000176d8d62b80 Thread added: 0x00000176d8d62b80
Event: 0.100 Thread 0x00000176dd157ab0 Thread added: 0x00000176dd157ab0
Event: 0.177 Thread 0x00000176dd22d820 Thread added: 0x00000176dd22d820
Event: 0.178 Thread 0x00000176dd22dd60 Thread added: 0x00000176dd22dd60
Event: 0.179 Thread 0x00000176dd22e5a0 Thread added: 0x00000176dd22e5a0
Event: 0.254 Thread 0x00000176dd3ec450 Thread added: 0x00000176dd3ec450
Event: 0.325 Thread 0x00000176ddb73970 Thread added: 0x00000176ddb73970
Event: 0.341 Thread 0x00000176b6c16b60 Thread exited: 0x00000176b6c16b60
Event: 0.341 Thread 0x00000176b6c16b60 Thread added: 0x00000176b6c16b60


Dynamic libraries:
0x00007ff6f5620000 - 0x00007ff6f5630000 	C:\Program Files\Java\jdk-19\bin\javaw.exe
0x00007ffbb5990000 - 0x00007ffbb5b85000 	C:\Windows\SYSTEM32\ntdll.dll
0x00007ffbb4f90000 - 0x00007ffbb504e000 	C:\Windows\System32\KERNEL32.DLL
0x00007ffbb34e0000 - 0x00007ffbb37a9000 	C:\Windows\System32\KERNELBASE.dll
0x00007ffbb30b0000 - 0x00007ffbb31b0000 	C:\Windows\System32\ucrtbase.dll
0x00007ffbac1a0000 - 0x00007ffbac1b8000 	C:\Program Files\Java\jdk-19\bin\jli.dll
0x00007ffbb0890000 - 0x00007ffbb08ab000 	C:\Program Files\Java\jdk-19\bin\VCRUNTIME140.dll
0x00007ffbb4ee0000 - 0x00007ffbb4f8c000 	C:\Windows\System32\ADVAPI32.dll
0x00007ffbb4d50000 - 0x00007ffbb4dee000 	C:\Windows\System32\msvcrt.dll
0x00007ffbb3a40000 - 0x00007ffbb3adb000 	C:\Windows\System32\sechost.dll
0x00007ffbb4350000 - 0x00007ffbb447a000 	C:\Windows\System32\RPCRT4.dll
0x00007ffbb3cb0000 - 0x00007ffbb3e51000 	C:\Windows\System32\USER32.dll
0x00007ffb9aa80000 - 0x00007ffb9ad1a000 	C:\Windows\WinSxS\amd64_microsoft.windows.common-controls_6595b64144ccf1df_6.0.19041.1110_none_60b5254171f9507e\COMCTL32.dll
0x00007ffbb3850000 - 0x00007ffbb3872000 	C:\Windows\System32\win32u.dll
0x00007ffbb4320000 - 0x00007ffbb434b000 	C:\Windows\System32\GDI32.dll
0x00007ffbb38d0000 - 0x00007ffbb39db000 	C:\Windows\System32\gdi32full.dll
0x00007ffbb37b0000 - 0x00007ffbb384d000 	C:\Windows\System32\msvcp_win.dll
0x00007ffba7260000 - 0x00007ffba726a000 	C:\Windows\SYSTEM32\VERSION.dll
0x00007ffbb5180000 - 0x00007ffbb51b0000 	C:\Windows\System32\IMM32.DLL
0x00007ffbb0880000 - 0x00007ffbb088c000 	C:\Program Files\Java\jdk-19\bin\vcruntime140_1.dll
0x00007ffba4d20000 - 0x00007ffba4dae000 	C:\Program Files\Java\jdk-19\bin\msvcp140.dll
0x00007ffb720e0000 - 0x00007ffb72da0000 	C:\Program Files\Java\jdk-19\bin\server\jvm.dll
0x00007ffbae0f0000 - 0x00007ffbae0f9000 	C:\Windows\SYSTEM32\WSOCK32.dll
0x00007ffbaadc0000 - 0x00007ffbaade7000 	C:\Windows\SYSTEM32\WINMM.dll
0x00007ffbb3c40000 - 0x00007ffbb3cab000 	C:\Windows\System32\WS2_32.dll
0x00007ffbb0fd0000 - 0x00007ffbb0fe2000 	C:\Windows\SYSTEM32\kernel.appcore.dll
0x00007ffbac010000 - 0x00007ffbac01a000 	C:\Program Files\Java\jdk-19\bin\jimage.dll
0x00007ffba4b20000 - 0x00007ffba4d04000 	C:\Windows\SYSTEM32\DBGHELP.DLL
0x00007ffba5140000 - 0x00007ffba516c000 	C:\Windows\SYSTEM32\dbgcore.DLL
0x00007ffbb3260000 - 0x00007ffbb32e3000 	C:\Windows\System32\bcryptPrimitives.dll
0x00007ffbabfe0000 - 0x00007ffbac006000 	C:\Program Files\Java\jdk-19\bin\java.dll
0x00007ffba3970000 - 0x00007ffba3a47000 	C:\Program Files\Java\jdk-19\bin\jsvml.dll
0x00007ffbb5210000 - 0x00007ffbb594f000 	C:\Windows\System32\SHELL32.dll
0x00007ffbb11d0000 - 0x00007ffbb1960000 	C:\Windows\SYSTEM32\windows.storage.dll
0x00007ffbb49f0000 - 0x00007ffbb4d45000 	C:\Windows\System32\combase.dll
0x00007ffbb2a30000 - 0x00007ffbb2a5c000 	C:\Windows\SYSTEM32\Wldp.dll
0x00007ffbb3f80000 - 0x00007ffbb402d000 	C:\Windows\System32\SHCORE.dll
0x00007ffbb51b0000 - 0x00007ffbb5205000 	C:\Windows\System32\shlwapi.dll
0x00007ffbb2ff0000 - 0x00007ffbb300f000 	C:\Windows\SYSTEM32\profapi.dll
0x00007ffba9360000 - 0x00007ffba9373000 	C:\Program Files\Java\jdk-19\bin\net.dll
0x00007ffbad940000 - 0x00007ffbada48000 	C:\Windows\SYSTEM32\WINHTTP.dll
0x00007ffbb2790000 - 0x00007ffbb27fa000 	C:\Windows\system32\mswsock.dll
0x00007ffba9340000 - 0x00007ffba9356000 	C:\Program Files\Java\jdk-19\bin\nio.dll
0x00007ffb6e800000 - 0x00007ffb6e991000 	C:\Program Files\Java\jdk-19\bin\awt.dll
0x00007ffbb4480000 - 0x00007ffbb454d000 	C:\Windows\System32\OLEAUT32.dll
0x00007ffbb0920000 - 0x00007ffbb09b0000 	C:\Windows\SYSTEM32\apphelp.dll
0x00007ffbb0ce0000 - 0x00007ffbb0d0f000 	C:\Windows\system32\DWMAPI.DLL
0x00007ffbb0af0000 - 0x00007ffbb0b8e000 	C:\Windows\system32\uxtheme.dll
0x00007ffb6e6d0000 - 0x00007ffb6e7f5000 	C:\Windows\system32\opengl32.dll
0x00007ffb97b80000 - 0x00007ffb97bac000 	C:\Windows\SYSTEM32\GLU32.dll
0x00007ffbb3e60000 - 0x00007ffbb3f75000 	C:\Windows\System32\MSCTF.dll
0x00007ffbb5050000 - 0x00007ffbb517a000 	C:\Windows\System32\ole32.dll
0x00007ffbaae70000 - 0x00007ffbaaeab000 	C:\Windows\SYSTEM32\dxcore.dll
0x00007ffbb3880000 - 0x00007ffbb38ce000 	C:\Windows\System32\cfgmgr32.dll
0x00007ffb7d660000 - 0x00007ffb7d6e6000 	C:\Program Files\Java\jdk-19\bin\freetype.dll
0x00007ffb6e620000 - 0x00007ffb6e6c9000 	C:\Program Files\Java\jdk-19\bin\fontmanager.dll
0x00007ffba9380000 - 0x00007ffba9479000 	C:\Windows\SYSTEM32\textinputframework.dll
0x00007ffbb0290000 - 0x00007ffbb05ee000 	C:\Windows\System32\CoreUIComponents.dll
0x00007ffbb05f0000 - 0x00007ffbb06e2000 	C:\Windows\System32\CoreMessaging.dll
0x00007ffbb1da0000 - 0x00007ffbb1dd3000 	C:\Windows\SYSTEM32\ntmarta.dll
0x00007ffbafbc0000 - 0x00007ffbafd14000 	C:\Windows\SYSTEM32\wintypes.dll
0x00007ffba8880000 - 0x00007ffba8898000 	C:\Program Files\Java\jdk-19\bin\zip.dll

dbghelp: loaded successfully - version: 4.0.5 - missing functions: none
symbol engine: initialized successfully - sym options: 0x614 - pdb path: .;C:\Program Files\Java\jdk-19\bin;C:\Windows\SYSTEM32;C:\Windows\WinSxS\amd64_microsoft.windows.common-controls_6595b64144ccf1df_6.0.19041.1110_none_60b5254171f9507e;C:\Program Files\Java\jdk-19\bin\server

VM Arguments:
jvm_args: -Dfile.encoding=UTF-8 --module-path=C:\Users\Balance Frequency\eclipse-workspace\game1\bin -XX:+ShowCodeDetailsInExceptionMessages -Djdk.module.main=game1 
java_command: game1/game1.class1
java_class_path (initial): <not set>
Launcher Type: SUN_STANDARD

[Global flags]
     intx CICompilerCount                          = 4                                         {product} {ergonomic}
     uint ConcGCThreads                            = 2                                         {product} {ergonomic}
     uint G1ConcRefinementThreads                  = 8                                         {product} {ergonomic}
   size_t G1HeapRegionSize                         = 2097152                                   {product} {ergonomic}
    uintx GCDrainStackTargetSize                   = 64                                        {product} {ergonomic}
   size_t InitialHeapSize                          = 234881024                                 {product} {ergonomic}
   size_t MarkStackSize                            = 4194304                                   {product} {ergonomic}
   size_t MaxHeapSize                              = 3745513472                                {product} {ergonomic}
   size_t MaxNewSize                               = 2246049792                                {product} {ergonomic}
   size_t MinHeapDeltaBytes                        = 2097152                                   {product} {ergonomic}
   size_t MinHeapSize                              = 8388608                                   {product} {ergonomic}
    uintx NonNMethodCodeHeapSize                   = 5839372                                {pd product} {ergonomic}
    uintx NonProfiledCodeHeapSize                  = 122909434                              {pd product} {ergonomic}
    uintx ProfiledCodeHeapSize                     = 122909434                              {pd product} {ergonomic}
    uintx ReservedCodeCacheSize                    = 251658240                              {pd product} {ergonomic}
     bool SegmentedCodeCache                       = true                                      {product} {ergonomic}
     bool ShowCodeDetailsInExceptionMessages       = true                                   {manageable} {command line}
   size_t SoftMaxHeapSize                          = 3745513472                             {manageable} {ergonomic}
     bool UseCompressedClassPointers               = true                           {product lp64_product} {ergonomic}
     bool UseCompressedOops                        = true                           {product lp64_product} {ergonomic}
     bool UseG1GC                                  = true                                      {product} {ergonomic}
     bool UseLargePagesIndividualAllocation        = false                                  {pd product} {ergonomic}

Logging:
Log output configuration:
 #0: stdout all=warning uptime,level,tags foldmultilines=false
 #1: stderr all=off uptime,level,tags foldmultilines=false

Environment Variables:
PATH=C:\Program Files\Common Files\Oracle\Java\javapath;C:\Windows\system32;C:\Windows;C:\Windows\System32\Wbem;C:\Windows\System32\WindowsPowerShell\v1.0\;C:\Windows\System32\OpenSSH\;C:\Users\Balance Frequency\AppData\Local\Microsoft\WindowsApps;
USERNAME=Balance Frequency
OS=Windows_NT
PROCESSOR_IDENTIFIER=AMD64 Family 23 Model 24 Stepping 1, AuthenticAMD
TMP=C:\Users\BALANC~1\AppData\Local\Temp
TEMP=C:\Users\BALANC~1\AppData\Local\Temp



---------------  S Y S T E M  ---------------

OS:
 Windows 10 , 64 bit Build 19041 (10.0.19041.1202)
OS uptime: 2 days 5:30 hours

CPU: total 8 (initial active 8) (8 cores per cpu, 2 threads per core) family 23 model 24 stepping 1 microcode 0x0, cx8, cmov, fxsr, ht, mmx, 3dnowpref, sse, sse2, sse3, ssse3, sse4a, sse4.1, sse4.2, popcnt, lzcnt, tsc, tscinvbit, avx, avx2, aes, clmul, bmi1, bmi2, adx, sha, fma, vzeroupper, clflush, clflushopt, rdtscp

Memory: 4k page, system-wide physical 14284M (10374M free)
TotalPageFile size 24518M (AvailPageFile size 8M)
current process WorkingSet (physical memory assigned to process): 139M, peak: 139M
current process commit charge ("private bytes"): 683M, peak: 689M

vm_info: Java HotSpot(TM) 64-Bit Server VM (19+36-2238) for windows-amd64 JRE (19+36-2238), built on 2022-08-12T20:29:01Z by "mach5one" with MS VC++ 17.1 (VS2022)

END.
